2020-05-30T06:34:09+00:00 CRITICAL Uncaught Error: Call to undefined method WP_Job_Manager_Alerts_Post_Types::get_alert_search_terms() in /var/www/itda.win/wp-content/themes/front/wp-job-manager-alerts/my-alerts.php:45
Stack trace:
#0 /var/www/itda.win/wp-content/plugins/wp-job-manager/wp-job-manager-template.php(27): include()
#1 /var/www/itda.win/wp-content/plugins/3-WPJM-wp-job-manager-alerts/includes/class-wp-job-manager-alerts-shortcodes.php(237): get_job_manager_template('my-alerts.php', Array, 'wp-job-manager-...', '/var/www/itda.w...')
#2 /var/www/itda.win/wp-includes/shortcodes.php(343): WP_Job_Manager_Alerts_Shortcodes->job_alerts('', '', 'job_alerts')
#3 [internal function]: do_shortcode_tag(Array)
#4 /var/www/itda.win/wp-includes/shortcodes.php(218): preg_replace_callback('/\\[(\\[?)(job_al...', 'do_shortcode_ta...', '[job_alerts]\n')
#5 /var/www/itda.win/wp-includes/class-wp-hook.php(287): do_shortcode('[job_alerts]\n')
#6 /var/www/itda.win/wp-includes/plugin.php(206): WP_Hook->apply_filters('[job_alerts]\n', Array)
#7 /var/www/it in /var/www/itda.win/wp-content/themes/front/wp-job-manager-alerts/my-alerts.php on line 45

2020-05-30T06:34:53+00:00 CRITICAL Uncaught Error: Call to undefined method WP_Job_Manager_Alerts_Post_Types::get_alert_search_terms() in /var/www/itda.win/wp-content/themes/front/wp-job-manager-alerts/my-alerts.php:45
Stack trace:
#0 /var/www/itda.win/wp-content/plugins/wp-job-manager/wp-job-manager-template.php(27): include()
#1 /var/www/itda.win/wp-content/plugins/3-WPJM-wp-job-manager-alerts/includes/class-wp-job-manager-alerts-shortcodes.php(237): get_job_manager_template('my-alerts.php', Array, 'wp-job-manager-...', '/var/www/itda.w...')
#2 /var/www/itda.win/wp-includes/shortcodes.php(343): WP_Job_Manager_Alerts_Shortcodes->job_alerts('', '', 'job_alerts')
#3 [internal function]: do_shortcode_tag(Array)
#4 /var/www/itda.win/wp-includes/shortcodes.php(218): preg_replace_callback('/\\[(\\[?)(job_al...', 'do_shortcode_ta...', '[job_alerts]\n')
#5 /var/www/itda.win/wp-includes/class-wp-hook.php(287): do_shortcode('[job_alerts]\n')
#6 /var/www/itda.win/wp-includes/plugin.php(206): WP_Hook->apply_filters('[job_alerts]\n', Array)
#7 /var/www/it in /var/www/itda.win/wp-content/themes/front/wp-job-manager-alerts/my-alerts.php on line 45

2020-05-30T06:36:39+00:00 CRITICAL Uncaught Error: Call to undefined method WP_Job_Manager_Alerts_Post_Types::get_alert_search_terms() in /var/www/itda.win/wp-content/themes/front/wp-job-manager-alerts/my-alerts.php:45
Stack trace:
#0 /var/www/itda.win/wp-content/plugins/wp-job-manager/wp-job-manager-template.php(27): include()
#1 /var/www/itda.win/wp-content/plugins/3-WPJM-wp-job-manager-alerts/includes/class-wp-job-manager-alerts-shortcodes.php(237): get_job_manager_template('my-alerts.php', Array, 'wp-job-manager-...', '/var/www/itda.w...')
#2 /var/www/itda.win/wp-includes/shortcodes.php(343): WP_Job_Manager_Alerts_Shortcodes->job_alerts('', '', 'job_alerts')
#3 [internal function]: do_shortcode_tag(Array)
#4 /var/www/itda.win/wp-includes/shortcodes.php(218): preg_replace_callback('/\\[(\\[?)(job_al...', 'do_shortcode_ta...', '<pre><code>[job...')
#5 /var/www/itda.win/wp-includes/class-wp-hook.php(287): do_shortcode('<pre><code>[job...')
#6 /var/www/itda.win/wp-includes/plugin.php(206): WP_Hook->apply_filters('<pre><code>[job...', Array)
#7 in /var/www/itda.win/wp-content/themes/front/wp-job-manager-alerts/my-alerts.php on line 45

2020-05-30T06:36:42+00:00 CRITICAL Uncaught Error: Call to undefined method WP_Job_Manager_Alerts_Post_Types::get_alert_search_terms() in /var/www/itda.win/wp-content/themes/front/wp-job-manager-alerts/my-alerts.php:45
Stack trace:
#0 /var/www/itda.win/wp-content/plugins/wp-job-manager/wp-job-manager-template.php(27): include()
#1 /var/www/itda.win/wp-content/plugins/3-WPJM-wp-job-manager-alerts/includes/class-wp-job-manager-alerts-shortcodes.php(237): get_job_manager_template('my-alerts.php', Array, 'wp-job-manager-...', '/var/www/itda.w...')
#2 /var/www/itda.win/wp-includes/shortcodes.php(343): WP_Job_Manager_Alerts_Shortcodes->job_alerts('', '', 'job_alerts')
#3 [internal function]: do_shortcode_tag(Array)
#4 /var/www/itda.win/wp-includes/shortcodes.php(218): preg_replace_callback('/\\[(\\[?)(job_al...', 'do_shortcode_ta...', '[job_alerts]\n')
#5 /var/www/itda.win/wp-includes/class-wp-hook.php(287): do_shortcode('[job_alerts]\n')
#6 /var/www/itda.win/wp-includes/plugin.php(206): WP_Hook->apply_filters('[job_alerts]\n', Array)
#7 /var/www/it in /var/www/itda.win/wp-content/themes/front/wp-job-manager-alerts/my-alerts.php on line 45

2020-05-30T06:37:55+00:00 CRITICAL Uncaught Error: Call to undefined method WP_Job_Manager_Alerts_Post_Types::get_alert_search_terms() in /var/www/itda.win/wp-content/themes/front/wp-job-manager-alerts/my-alerts.php:45
Stack trace:
#0 /var/www/itda.win/wp-content/plugins/wp-job-manager/wp-job-manager-template.php(27): include()
#1 /var/www/itda.win/wp-content/plugins/3-WPJM-wp-job-manager-alerts/includes/class-wp-job-manager-alerts-shortcodes.php(237): get_job_manager_template('my-alerts.php', Array, 'wp-job-manager-...', '/var/www/itda.w...')
#2 /var/www/itda.win/wp-includes/shortcodes.php(343): WP_Job_Manager_Alerts_Shortcodes->job_alerts('', '', 'job_alerts')
#3 [internal function]: do_shortcode_tag(Array)
#4 /var/www/itda.win/wp-includes/shortcodes.php(218): preg_replace_callback('/\\[(\\[?)(job_al...', 'do_shortcode_ta...', '<pre><code>[job...')
#5 /var/www/itda.win/wp-includes/class-wp-hook.php(287): do_shortcode('<pre><code>[job...')
#6 /var/www/itda.win/wp-includes/plugin.php(206): WP_Hook->apply_filters('<pre><code>[job...', Array)
#7 in /var/www/itda.win/wp-content/themes/front/wp-job-manager-alerts/my-alerts.php on line 45

2020-05-30T06:54:27+00:00 CRITICAL Uncaught Error: Call to undefined method WP_Job_Manager_Alerts_Post_Types::get_alert_search_terms() in /var/www/itda.win/wp-content/themes/front/wp-job-manager-alerts/my-alerts.php:45
Stack trace:
#0 /var/www/itda.win/wp-content/plugins/wp-job-manager/wp-job-manager-template.php(27): include()
#1 /var/www/itda.win/wp-content/plugins/3-WPJM-wp-job-manager-alerts/includes/class-wp-job-manager-alerts-shortcodes.php(237): get_job_manager_template('my-alerts.php', Array, 'wp-job-manager-...', '/var/www/itda.w...')
#2 /var/www/itda.win/wp-includes/shortcodes.php(343): WP_Job_Manager_Alerts_Shortcodes->job_alerts('', '', 'job_alerts')
#3 [internal function]: do_shortcode_tag(Array)
#4 /var/www/itda.win/wp-includes/shortcodes.php(218): preg_replace_callback('/\\[(\\[?)(job_al...', 'do_shortcode_ta...', '<pre><code>[job...')
#5 /var/www/itda.win/wp-includes/class-wp-hook.php(287): do_shortcode('<pre><code>[job...')
#6 /var/www/itda.win/wp-includes/plugin.php(206): WP_Hook->apply_filters('<pre><code>[job...', Array)
#7 in /var/www/itda.win/wp-content/themes/front/wp-job-manager-alerts/my-alerts.php on line 45

2020-05-30T07:18:57+00:00 CRITICAL Uncaught Error: Call to undefined function front_job_header_search_form() in /var/www/itda.win/wp-content/plugins/front-gutenberg-blocks/src/block/jobs-hero-search-form/index.php:38
Stack trace:
#0 /var/www/itda.win/wp-includes/class-wp-block-type.php(109): frontgb_render_jobs_search_form_block(Array, '')
#1 /var/www/itda.win/wp-includes/blocks.php(487): WP_Block_Type->render(Array, '')
#2 /var/www/itda.win/wp-includes/blocks.php(478): render_block(Array)
#3 /var/www/itda.win/wp-includes/blocks.php(537): render_block(Array)
#4 /var/www/itda.win/wp-includes/class-wp-hook.php(287): do_blocks('<!-- wp:fgb/job...')
#5 /var/www/itda.win/wp-includes/plugin.php(206): WP_Hook->apply_filters('<!-- wp:fgb/job...', Array)
#6 /var/www/itda.win/wp-includes/post-template.php(253): apply_filters('the_content', '<!-- wp:fgb/job...')
#7 /var/www/itda.win/wp-content/themes/buddyboss-theme/template-parts/content-page.php(34): the_content()
#8 /var/www/itda.win/wp-includes/template.php(725): require('/var/www/itda.w...')
#9 /var in /var/www/itda.win/wp-content/plugins/front-gutenberg-blocks/src/block/jobs-hero-search-form/index.php on line 38

2020-05-30T09:10:57+00:00 CRITICAL Uncaught Error: Call to undefined function front_job_header_search_form() in /var/www/itda.win/wp-content/plugins/front-gutenberg-blocks/src/block/jobs-hero-search-form/index.php:38
Stack trace:
#0 /var/www/itda.win/wp-includes/class-wp-block-type.php(109): frontgb_render_jobs_search_form_block(Array, '')
#1 /var/www/itda.win/wp-includes/blocks.php(487): WP_Block_Type->render(Array, '')
#2 /var/www/itda.win/wp-includes/blocks.php(478): render_block(Array)
#3 /var/www/itda.win/wp-includes/blocks.php(537): render_block(Array)
#4 /var/www/itda.win/wp-includes/class-wp-hook.php(287): do_blocks('<!-- wp:fgb/job...')
#5 /var/www/itda.win/wp-includes/plugin.php(206): WP_Hook->apply_filters('<!-- wp:fgb/job...', Array)
#6 /var/www/itda.win/wp-includes/post-template.php(253): apply_filters('the_content', '<!-- wp:fgb/job...')
#7 /var/www/itda.win/wp-content/themes/buddyboss-theme/template-parts/content-page.php(34): the_content()
#8 /var/www/itda.win/wp-includes/template.php(725): require('/var/www/itda.w...')
#9 /var in /var/www/itda.win/wp-content/plugins/front-gutenberg-blocks/src/block/jobs-hero-search-form/index.php on line 38

2020-05-30T10:34:56+00:00 CRITICAL Uncaught Error: Call to undefined method WP_Job_Manager_Alerts_Post_Types::get_alert_search_terms() in /var/www/itda.win/wp-content/themes/front/wp-job-manager-alerts/my-alerts.php:45
Stack trace:
#0 /var/www/itda.win/wp-content/plugins/wp-job-manager/wp-job-manager-template.php(27): include()
#1 /var/www/itda.win/wp-content/plugins/3-WPJM-wp-job-manager-alerts/includes/class-wp-job-manager-alerts-shortcodes.php(237): get_job_manager_template('my-alerts.php', Array, 'wp-job-manager-...', '/var/www/itda.w...')
#2 /var/www/itda.win/wp-includes/shortcodes.php(343): WP_Job_Manager_Alerts_Shortcodes->job_alerts('', '', 'job_alerts')
#3 [internal function]: do_shortcode_tag(Array)
#4 /var/www/itda.win/wp-includes/shortcodes.php(218): preg_replace_callback('/\\[(\\[?)(job_al...', 'do_shortcode_ta...', '[job_alerts]\n')
#5 /var/www/itda.win/wp-includes/class-wp-hook.php(287): do_shortcode('[job_alerts]\n')
#6 /var/www/itda.win/wp-includes/plugin.php(206): WP_Hook->apply_filters('[job_alerts]\n', Array)
#7 /var/www/it in /var/www/itda.win/wp-content/themes/front/wp-job-manager-alerts/my-alerts.php on line 45

2020-05-30T10:43:35+00:00 CRITICAL Uncaught Error: Call to undefined method WP_Job_Manager_Alerts_Post_Types::get_alert_search_terms() in /var/www/itda.win/wp-content/themes/front/wp-job-manager-alerts/my-alerts.php:45
Stack trace:
#0 /var/www/itda.win/wp-content/plugins/wp-job-manager/wp-job-manager-template.php(27): include()
#1 /var/www/itda.win/wp-content/plugins/3-WPJM-wp-job-manager-alerts/includes/class-wp-job-manager-alerts-shortcodes.php(237): get_job_manager_template('my-alerts.php', Array, 'wp-job-manager-...', '/var/www/itda.w...')
#2 /var/www/itda.win/wp-includes/shortcodes.php(343): WP_Job_Manager_Alerts_Shortcodes->job_alerts('', '', 'job_alerts')
#3 [internal function]: do_shortcode_tag(Array)
#4 /var/www/itda.win/wp-includes/shortcodes.php(218): preg_replace_callback('/\\[(\\[?)(job_al...', 'do_shortcode_ta...', '[job_alerts]\n')
#5 /var/www/itda.win/wp-includes/class-wp-hook.php(287): do_shortcode('[job_alerts]\n')
#6 /var/www/itda.win/wp-includes/plugin.php(206): WP_Hook->apply_filters('[job_alerts]\n', Array)
#7 /var/www/it in /var/www/itda.win/wp-content/themes/front/wp-job-manager-alerts/my-alerts.php on line 45

2020-05-30T10:44:01+00:00 CRITICAL Uncaught Error: Call to undefined method WP_Job_Manager_Alerts_Post_Types::get_alert_search_terms() in /var/www/itda.win/wp-content/themes/front/wp-job-manager-alerts/my-alerts.php:45
Stack trace:
#0 /var/www/itda.win/wp-content/plugins/wp-job-manager/wp-job-manager-template.php(27): include()
#1 /var/www/itda.win/wp-content/plugins/3-WPJM-wp-job-manager-alerts/includes/class-wp-job-manager-alerts-shortcodes.php(237): get_job_manager_template('my-alerts.php', Array, 'wp-job-manager-...', '/var/www/itda.w...')
#2 /var/www/itda.win/wp-includes/shortcodes.php(343): WP_Job_Manager_Alerts_Shortcodes->job_alerts('', '', 'job_alerts')
#3 [internal function]: do_shortcode_tag(Array)
#4 /var/www/itda.win/wp-includes/shortcodes.php(218): preg_replace_callback('/\\[(\\[?)(job_al...', 'do_shortcode_ta...', '[job_alerts]\n')
#5 /var/www/itda.win/wp-includes/class-wp-hook.php(287): do_shortcode('[job_alerts]\n')
#6 /var/www/itda.win/wp-includes/plugin.php(206): WP_Hook->apply_filters('[job_alerts]\n', Array)
#7 /var/www/it in /var/www/itda.win/wp-content/themes/front/wp-job-manager-alerts/my-alerts.php on line 45

2020-05-30T10:49:00+00:00 CRITICAL Uncaught Error: Call to undefined method WP_Job_Manager_Alerts_Post_Types::get_alert_search_terms() in /var/www/itda.win/wp-content/themes/front/wp-job-manager-alerts/my-alerts.php:45
Stack trace:
#0 /var/www/itda.win/wp-content/plugins/wp-job-manager/wp-job-manager-template.php(27): include()
#1 /var/www/itda.win/wp-content/plugins/3-WPJM-wp-job-manager-alerts/includes/class-wp-job-manager-alerts-shortcodes.php(237): get_job_manager_template('my-alerts.php', Array, 'wp-job-manager-...', '/var/www/itda.w...')
#2 /var/www/itda.win/wp-includes/shortcodes.php(343): WP_Job_Manager_Alerts_Shortcodes->job_alerts('', '', 'job_alerts')
#3 [internal function]: do_shortcode_tag(Array)
#4 /var/www/itda.win/wp-includes/shortcodes.php(218): preg_replace_callback('/\\[(\\[?)(job_al...', 'do_shortcode_ta...', '<pre><code>[job...')
#5 /var/www/itda.win/wp-includes/class-wp-hook.php(287): do_shortcode('<pre><code>[job...')
#6 /var/www/itda.win/wp-includes/plugin.php(206): WP_Hook->apply_filters('<pre><code>[job...', Array)
#7 in /var/www/itda.win/wp-content/themes/front/wp-job-manager-alerts/my-alerts.php on line 45

