2020-06-05T00:03:48+00:00 CRITICAL Uncaught Error: Call to undefined function wp_tempnam() in /home4/linkinhr/public_html/linkinhr.org/lms/wp-content/plugins/leopard-wordpress-offload-media/includes/class-leopard-wordpress-offload-media-webp.php:91
Stack trace:
#0 /home4/linkinhr/public_html/linkinhr.org/lms/wp-content/plugins/leopard-wordpress-offload-media/includes/class-leopard-wordpress-offload-media-webp.php(139): Leopard_Wordpress_Offload_Media_Webp->convert('2020/05/960x0.j...')
#1 /home4/linkinhr/public_html/linkinhr.org/lms/wp-content/plugins/leopard-wordpress-offload-media/functions/global.php(644): Leopard_Wordpress_Offload_Media_Webp->do_converts()
#2 /home4/linkinhr/public_html/linkinhr.org/lms/wp-content/plugins/leopard-wordpress-offload-media/includes/class-leopard-wordpress-offload-media-copy-to-cloud-process.php(51): leopard_offload_media_build_webp_function(542)
#3 /home4/linkinhr/public_html/linkinhr.org/lms/wp-content/plugins/leopard-wordpress-offload-media/includes/class-leopard-wordpress-offload-media-background-process.p in /home4/linkinhr/public_html/linkinhr.org/lms/wp-content/plugins/leopard-wordpress-offload-media/includes/class-leopard-wordpress-offload-media-webp.php on line 91

2020-06-05T00:08:49+00:00 CRITICAL Uncaught Error: Call to undefined function wp_tempnam() in /home4/linkinhr/public_html/linkinhr.org/lms/wp-content/plugins/leopard-wordpress-offload-media/includes/class-leopard-wordpress-offload-media-webp.php:91
Stack trace:
#0 /home4/linkinhr/public_html/linkinhr.org/lms/wp-content/plugins/leopard-wordpress-offload-media/includes/class-leopard-wordpress-offload-media-webp.php(139): Leopard_Wordpress_Offload_Media_Webp->convert('2020/05/960x0.j...')
#1 /home4/linkinhr/public_html/linkinhr.org/lms/wp-content/plugins/leopard-wordpress-offload-media/functions/global.php(644): Leopard_Wordpress_Offload_Media_Webp->do_converts()
#2 /home4/linkinhr/public_html/linkinhr.org/lms/wp-content/plugins/leopard-wordpress-offload-media/includes/class-leopard-wordpress-offload-media-copy-to-cloud-process.php(51): leopard_offload_media_build_webp_function(542)
#3 /home4/linkinhr/public_html/linkinhr.org/lms/wp-content/plugins/leopard-wordpress-offload-media/includes/class-leopard-wordpress-offload-media-background-process.p in /home4/linkinhr/public_html/linkinhr.org/lms/wp-content/plugins/leopard-wordpress-offload-media/includes/class-leopard-wordpress-offload-media-webp.php on line 91

2020-06-05T00:13:49+00:00 CRITICAL Uncaught Error: Call to undefined function wp_tempnam() in /home4/linkinhr/public_html/linkinhr.org/lms/wp-content/plugins/leopard-wordpress-offload-media/includes/class-leopard-wordpress-offload-media-webp.php:91
Stack trace:
#0 /home4/linkinhr/public_html/linkinhr.org/lms/wp-content/plugins/leopard-wordpress-offload-media/includes/class-leopard-wordpress-offload-media-webp.php(139): Leopard_Wordpress_Offload_Media_Webp->convert('2020/05/960x0.j...')
#1 /home4/linkinhr/public_html/linkinhr.org/lms/wp-content/plugins/leopard-wordpress-offload-media/functions/global.php(644): Leopard_Wordpress_Offload_Media_Webp->do_converts()
#2 /home4/linkinhr/public_html/linkinhr.org/lms/wp-content/plugins/leopard-wordpress-offload-media/includes/class-leopard-wordpress-offload-media-copy-to-cloud-process.php(51): leopard_offload_media_build_webp_function(542)
#3 /home4/linkinhr/public_html/linkinhr.org/lms/wp-content/plugins/leopard-wordpress-offload-media/includes/class-leopard-wordpress-offload-media-background-process.p in /home4/linkinhr/public_html/linkinhr.org/lms/wp-content/plugins/leopard-wordpress-offload-media/includes/class-leopard-wordpress-offload-media-webp.php on line 91

2020-06-05T00:18:49+00:00 CRITICAL Uncaught Error: Call to undefined function wp_tempnam() in /home4/linkinhr/public_html/linkinhr.org/lms/wp-content/plugins/leopard-wordpress-offload-media/includes/class-leopard-wordpress-offload-media-webp.php:91
Stack trace:
#0 /home4/linkinhr/public_html/linkinhr.org/lms/wp-content/plugins/leopard-wordpress-offload-media/includes/class-leopard-wordpress-offload-media-webp.php(139): Leopard_Wordpress_Offload_Media_Webp->convert('2020/05/960x0.j...')
#1 /home4/linkinhr/public_html/linkinhr.org/lms/wp-content/plugins/leopard-wordpress-offload-media/functions/global.php(644): Leopard_Wordpress_Offload_Media_Webp->do_converts()
#2 /home4/linkinhr/public_html/linkinhr.org/lms/wp-content/plugins/leopard-wordpress-offload-media/includes/class-leopard-wordpress-offload-media-copy-to-cloud-process.php(51): leopard_offload_media_build_webp_function(542)
#3 /home4/linkinhr/public_html/linkinhr.org/lms/wp-content/plugins/leopard-wordpress-offload-media/includes/class-leopard-wordpress-offload-media-background-process.p in /home4/linkinhr/public_html/linkinhr.org/lms/wp-content/plugins/leopard-wordpress-offload-media/includes/class-leopard-wordpress-offload-media-webp.php on line 91

2020-06-05T00:23:48+00:00 CRITICAL Uncaught Error: Call to undefined function wp_tempnam() in /home4/linkinhr/public_html/linkinhr.org/lms/wp-content/plugins/leopard-wordpress-offload-media/includes/class-leopard-wordpress-offload-media-webp.php:91
Stack trace:
#0 /home4/linkinhr/public_html/linkinhr.org/lms/wp-content/plugins/leopard-wordpress-offload-media/includes/class-leopard-wordpress-offload-media-webp.php(139): Leopard_Wordpress_Offload_Media_Webp->convert('2020/05/960x0.j...')
#1 /home4/linkinhr/public_html/linkinhr.org/lms/wp-content/plugins/leopard-wordpress-offload-media/functions/global.php(644): Leopard_Wordpress_Offload_Media_Webp->do_converts()
#2 /home4/linkinhr/public_html/linkinhr.org/lms/wp-content/plugins/leopard-wordpress-offload-media/includes/class-leopard-wordpress-offload-media-copy-to-cloud-process.php(51): leopard_offload_media_build_webp_function(542)
#3 /home4/linkinhr/public_html/linkinhr.org/lms/wp-content/plugins/leopard-wordpress-offload-media/includes/class-leopard-wordpress-offload-media-background-process.p in /home4/linkinhr/public_html/linkinhr.org/lms/wp-content/plugins/leopard-wordpress-offload-media/includes/class-leopard-wordpress-offload-media-webp.php on line 91

2020-06-05T00:28:48+00:00 CRITICAL Uncaught Error: Call to undefined function wp_tempnam() in /home4/linkinhr/public_html/linkinhr.org/lms/wp-content/plugins/leopard-wordpress-offload-media/includes/class-leopard-wordpress-offload-media-webp.php:91
Stack trace:
#0 /home4/linkinhr/public_html/linkinhr.org/lms/wp-content/plugins/leopard-wordpress-offload-media/includes/class-leopard-wordpress-offload-media-webp.php(139): Leopard_Wordpress_Offload_Media_Webp->convert('2020/05/960x0.j...')
#1 /home4/linkinhr/public_html/linkinhr.org/lms/wp-content/plugins/leopard-wordpress-offload-media/functions/global.php(644): Leopard_Wordpress_Offload_Media_Webp->do_converts()
#2 /home4/linkinhr/public_html/linkinhr.org/lms/wp-content/plugins/leopard-wordpress-offload-media/includes/class-leopard-wordpress-offload-media-copy-to-cloud-process.php(51): leopard_offload_media_build_webp_function(542)
#3 /home4/linkinhr/public_html/linkinhr.org/lms/wp-content/plugins/leopard-wordpress-offload-media/includes/class-leopard-wordpress-offload-media-background-process.p in /home4/linkinhr/public_html/linkinhr.org/lms/wp-content/plugins/leopard-wordpress-offload-media/includes/class-leopard-wordpress-offload-media-webp.php on line 91

2020-06-05T00:33:49+00:00 CRITICAL Uncaught Error: Call to undefined function wp_tempnam() in /home4/linkinhr/public_html/linkinhr.org/lms/wp-content/plugins/leopard-wordpress-offload-media/includes/class-leopard-wordpress-offload-media-webp.php:91
Stack trace:
#0 /home4/linkinhr/public_html/linkinhr.org/lms/wp-content/plugins/leopard-wordpress-offload-media/includes/class-leopard-wordpress-offload-media-webp.php(139): Leopard_Wordpress_Offload_Media_Webp->convert('2020/05/960x0.j...')
#1 /home4/linkinhr/public_html/linkinhr.org/lms/wp-content/plugins/leopard-wordpress-offload-media/functions/global.php(644): Leopard_Wordpress_Offload_Media_Webp->do_converts()
#2 /home4/linkinhr/public_html/linkinhr.org/lms/wp-content/plugins/leopard-wordpress-offload-media/includes/class-leopard-wordpress-offload-media-copy-to-cloud-process.php(51): leopard_offload_media_build_webp_function(542)
#3 /home4/linkinhr/public_html/linkinhr.org/lms/wp-content/plugins/leopard-wordpress-offload-media/includes/class-leopard-wordpress-offload-media-background-process.p in /home4/linkinhr/public_html/linkinhr.org/lms/wp-content/plugins/leopard-wordpress-offload-media/includes/class-leopard-wordpress-offload-media-webp.php on line 91

2020-06-05T00:38:48+00:00 CRITICAL Uncaught Error: Call to undefined function wp_tempnam() in /home4/linkinhr/public_html/linkinhr.org/lms/wp-content/plugins/leopard-wordpress-offload-media/includes/class-leopard-wordpress-offload-media-webp.php:91
Stack trace:
#0 /home4/linkinhr/public_html/linkinhr.org/lms/wp-content/plugins/leopard-wordpress-offload-media/includes/class-leopard-wordpress-offload-media-webp.php(139): Leopard_Wordpress_Offload_Media_Webp->convert('2020/05/960x0.j...')
#1 /home4/linkinhr/public_html/linkinhr.org/lms/wp-content/plugins/leopard-wordpress-offload-media/functions/global.php(644): Leopard_Wordpress_Offload_Media_Webp->do_converts()
#2 /home4/linkinhr/public_html/linkinhr.org/lms/wp-content/plugins/leopard-wordpress-offload-media/includes/class-leopard-wordpress-offload-media-copy-to-cloud-process.php(51): leopard_offload_media_build_webp_function(542)
#3 /home4/linkinhr/public_html/linkinhr.org/lms/wp-content/plugins/leopard-wordpress-offload-media/includes/class-leopard-wordpress-offload-media-background-process.p in /home4/linkinhr/public_html/linkinhr.org/lms/wp-content/plugins/leopard-wordpress-offload-media/includes/class-leopard-wordpress-offload-media-webp.php on line 91

2020-06-05T00:43:48+00:00 CRITICAL Uncaught Error: Call to undefined function wp_tempnam() in /home4/linkinhr/public_html/linkinhr.org/lms/wp-content/plugins/leopard-wordpress-offload-media/includes/class-leopard-wordpress-offload-media-webp.php:91
Stack trace:
#0 /home4/linkinhr/public_html/linkinhr.org/lms/wp-content/plugins/leopard-wordpress-offload-media/includes/class-leopard-wordpress-offload-media-webp.php(139): Leopard_Wordpress_Offload_Media_Webp->convert('2020/05/960x0.j...')
#1 /home4/linkinhr/public_html/linkinhr.org/lms/wp-content/plugins/leopard-wordpress-offload-media/functions/global.php(644): Leopard_Wordpress_Offload_Media_Webp->do_converts()
#2 /home4/linkinhr/public_html/linkinhr.org/lms/wp-content/plugins/leopard-wordpress-offload-media/includes/class-leopard-wordpress-offload-media-copy-to-cloud-process.php(51): leopard_offload_media_build_webp_function(542)
#3 /home4/linkinhr/public_html/linkinhr.org/lms/wp-content/plugins/leopard-wordpress-offload-media/includes/class-leopard-wordpress-offload-media-background-process.p in /home4/linkinhr/public_html/linkinhr.org/lms/wp-content/plugins/leopard-wordpress-offload-media/includes/class-leopard-wordpress-offload-media-webp.php on line 91

2020-06-05T00:48:48+00:00 CRITICAL Uncaught Error: Call to undefined function wp_tempnam() in /home4/linkinhr/public_html/linkinhr.org/lms/wp-content/plugins/leopard-wordpress-offload-media/includes/class-leopard-wordpress-offload-media-webp.php:91
Stack trace:
#0 /home4/linkinhr/public_html/linkinhr.org/lms/wp-content/plugins/leopard-wordpress-offload-media/includes/class-leopard-wordpress-offload-media-webp.php(139): Leopard_Wordpress_Offload_Media_Webp->convert('2020/05/960x0.j...')
#1 /home4/linkinhr/public_html/linkinhr.org/lms/wp-content/plugins/leopard-wordpress-offload-media/functions/global.php(644): Leopard_Wordpress_Offload_Media_Webp->do_converts()
#2 /home4/linkinhr/public_html/linkinhr.org/lms/wp-content/plugins/leopard-wordpress-offload-media/includes/class-leopard-wordpress-offload-media-copy-to-cloud-process.php(51): leopard_offload_media_build_webp_function(542)
#3 /home4/linkinhr/public_html/linkinhr.org/lms/wp-content/plugins/leopard-wordpress-offload-media/includes/class-leopard-wordpress-offload-media-background-process.p in /home4/linkinhr/public_html/linkinhr.org/lms/wp-content/plugins/leopard-wordpress-offload-media/includes/class-leopard-wordpress-offload-media-webp.php on line 91

2020-06-05T00:53:48+00:00 CRITICAL Uncaught Error: Call to undefined function wp_tempnam() in /home4/linkinhr/public_html/linkinhr.org/lms/wp-content/plugins/leopard-wordpress-offload-media/includes/class-leopard-wordpress-offload-media-webp.php:91
Stack trace:
#0 /home4/linkinhr/public_html/linkinhr.org/lms/wp-content/plugins/leopard-wordpress-offload-media/includes/class-leopard-wordpress-offload-media-webp.php(139): Leopard_Wordpress_Offload_Media_Webp->convert('2020/05/960x0.j...')
#1 /home4/linkinhr/public_html/linkinhr.org/lms/wp-content/plugins/leopard-wordpress-offload-media/functions/global.php(644): Leopard_Wordpress_Offload_Media_Webp->do_converts()
#2 /home4/linkinhr/public_html/linkinhr.org/lms/wp-content/plugins/leopard-wordpress-offload-media/includes/class-leopard-wordpress-offload-media-copy-to-cloud-process.php(51): leopard_offload_media_build_webp_function(542)
#3 /home4/linkinhr/public_html/linkinhr.org/lms/wp-content/plugins/leopard-wordpress-offload-media/includes/class-leopard-wordpress-offload-media-background-process.p in /home4/linkinhr/public_html/linkinhr.org/lms/wp-content/plugins/leopard-wordpress-offload-media/includes/class-leopard-wordpress-offload-media-webp.php on line 91

2020-06-05T00:58:48+00:00 CRITICAL Uncaught Error: Call to undefined function wp_tempnam() in /home4/linkinhr/public_html/linkinhr.org/lms/wp-content/plugins/leopard-wordpress-offload-media/includes/class-leopard-wordpress-offload-media-webp.php:91
Stack trace:
#0 /home4/linkinhr/public_html/linkinhr.org/lms/wp-content/plugins/leopard-wordpress-offload-media/includes/class-leopard-wordpress-offload-media-webp.php(139): Leopard_Wordpress_Offload_Media_Webp->convert('2020/05/960x0.j...')
#1 /home4/linkinhr/public_html/linkinhr.org/lms/wp-content/plugins/leopard-wordpress-offload-media/functions/global.php(644): Leopard_Wordpress_Offload_Media_Webp->do_converts()
#2 /home4/linkinhr/public_html/linkinhr.org/lms/wp-content/plugins/leopard-wordpress-offload-media/includes/class-leopard-wordpress-offload-media-copy-to-cloud-process.php(51): leopard_offload_media_build_webp_function(542)
#3 /home4/linkinhr/public_html/linkinhr.org/lms/wp-content/plugins/leopard-wordpress-offload-media/includes/class-leopard-wordpress-offload-media-background-process.p in /home4/linkinhr/public_html/linkinhr.org/lms/wp-content/plugins/leopard-wordpress-offload-media/includes/class-leopard-wordpress-offload-media-webp.php on line 91

2020-06-05T01:03:48+00:00 CRITICAL Uncaught Error: Call to undefined function wp_tempnam() in /home4/linkinhr/public_html/linkinhr.org/lms/wp-content/plugins/leopard-wordpress-offload-media/includes/class-leopard-wordpress-offload-media-webp.php:91
Stack trace:
#0 /home4/linkinhr/public_html/linkinhr.org/lms/wp-content/plugins/leopard-wordpress-offload-media/includes/class-leopard-wordpress-offload-media-webp.php(139): Leopard_Wordpress_Offload_Media_Webp->convert('2020/05/960x0.j...')
#1 /home4/linkinhr/public_html/linkinhr.org/lms/wp-content/plugins/leopard-wordpress-offload-media/functions/global.php(644): Leopard_Wordpress_Offload_Media_Webp->do_converts()
#2 /home4/linkinhr/public_html/linkinhr.org/lms/wp-content/plugins/leopard-wordpress-offload-media/includes/class-leopard-wordpress-offload-media-copy-to-cloud-process.php(51): leopard_offload_media_build_webp_function(542)
#3 /home4/linkinhr/public_html/linkinhr.org/lms/wp-content/plugins/leopard-wordpress-offload-media/includes/class-leopard-wordpress-offload-media-background-process.p in /home4/linkinhr/public_html/linkinhr.org/lms/wp-content/plugins/leopard-wordpress-offload-media/includes/class-leopard-wordpress-offload-media-webp.php on line 91

2020-06-05T01:08:48+00:00 CRITICAL Uncaught Error: Call to undefined function wp_tempnam() in /home4/linkinhr/public_html/linkinhr.org/lms/wp-content/plugins/leopard-wordpress-offload-media/includes/class-leopard-wordpress-offload-media-webp.php:91
Stack trace:
#0 /home4/linkinhr/public_html/linkinhr.org/lms/wp-content/plugins/leopard-wordpress-offload-media/includes/class-leopard-wordpress-offload-media-webp.php(139): Leopard_Wordpress_Offload_Media_Webp->convert('2020/05/960x0.j...')
#1 /home4/linkinhr/public_html/linkinhr.org/lms/wp-content/plugins/leopard-wordpress-offload-media/functions/global.php(644): Leopard_Wordpress_Offload_Media_Webp->do_converts()
#2 /home4/linkinhr/public_html/linkinhr.org/lms/wp-content/plugins/leopard-wordpress-offload-media/includes/class-leopard-wordpress-offload-media-copy-to-cloud-process.php(51): leopard_offload_media_build_webp_function(542)
#3 /home4/linkinhr/public_html/linkinhr.org/lms/wp-content/plugins/leopard-wordpress-offload-media/includes/class-leopard-wordpress-offload-media-background-process.p in /home4/linkinhr/public_html/linkinhr.org/lms/wp-content/plugins/leopard-wordpress-offload-media/includes/class-leopard-wordpress-offload-media-webp.php on line 91

2020-06-05T01:13:48+00:00 CRITICAL Uncaught Error: Call to undefined function wp_tempnam() in /home4/linkinhr/public_html/linkinhr.org/lms/wp-content/plugins/leopard-wordpress-offload-media/includes/class-leopard-wordpress-offload-media-webp.php:91
Stack trace:
#0 /home4/linkinhr/public_html/linkinhr.org/lms/wp-content/plugins/leopard-wordpress-offload-media/includes/class-leopard-wordpress-offload-media-webp.php(139): Leopard_Wordpress_Offload_Media_Webp->convert('2020/05/960x0.j...')
#1 /home4/linkinhr/public_html/linkinhr.org/lms/wp-content/plugins/leopard-wordpress-offload-media/functions/global.php(644): Leopard_Wordpress_Offload_Media_Webp->do_converts()
#2 /home4/linkinhr/public_html/linkinhr.org/lms/wp-content/plugins/leopard-wordpress-offload-media/includes/class-leopard-wordpress-offload-media-copy-to-cloud-process.php(51): leopard_offload_media_build_webp_function(542)
#3 /home4/linkinhr/public_html/linkinhr.org/lms/wp-content/plugins/leopard-wordpress-offload-media/includes/class-leopard-wordpress-offload-media-background-process.p in /home4/linkinhr/public_html/linkinhr.org/lms/wp-content/plugins/leopard-wordpress-offload-media/includes/class-leopard-wordpress-offload-media-webp.php on line 91

2020-06-05T01:18:48+00:00 CRITICAL Uncaught Error: Call to undefined function wp_tempnam() in /home4/linkinhr/public_html/linkinhr.org/lms/wp-content/plugins/leopard-wordpress-offload-media/includes/class-leopard-wordpress-offload-media-webp.php:91
Stack trace:
#0 /home4/linkinhr/public_html/linkinhr.org/lms/wp-content/plugins/leopard-wordpress-offload-media/includes/class-leopard-wordpress-offload-media-webp.php(139): Leopard_Wordpress_Offload_Media_Webp->convert('2020/05/960x0.j...')
#1 /home4/linkinhr/public_html/linkinhr.org/lms/wp-content/plugins/leopard-wordpress-offload-media/functions/global.php(644): Leopard_Wordpress_Offload_Media_Webp->do_converts()
#2 /home4/linkinhr/public_html/linkinhr.org/lms/wp-content/plugins/leopard-wordpress-offload-media/includes/class-leopard-wordpress-offload-media-copy-to-cloud-process.php(51): leopard_offload_media_build_webp_function(542)
#3 /home4/linkinhr/public_html/linkinhr.org/lms/wp-content/plugins/leopard-wordpress-offload-media/includes/class-leopard-wordpress-offload-media-background-process.p in /home4/linkinhr/public_html/linkinhr.org/lms/wp-content/plugins/leopard-wordpress-offload-media/includes/class-leopard-wordpress-offload-media-webp.php on line 91

2020-06-05T01:23:48+00:00 CRITICAL Uncaught Error: Call to undefined function wp_tempnam() in /home4/linkinhr/public_html/linkinhr.org/lms/wp-content/plugins/leopard-wordpress-offload-media/includes/class-leopard-wordpress-offload-media-webp.php:91
Stack trace:
#0 /home4/linkinhr/public_html/linkinhr.org/lms/wp-content/plugins/leopard-wordpress-offload-media/includes/class-leopard-wordpress-offload-media-webp.php(139): Leopard_Wordpress_Offload_Media_Webp->convert('2020/05/960x0.j...')
#1 /home4/linkinhr/public_html/linkinhr.org/lms/wp-content/plugins/leopard-wordpress-offload-media/functions/global.php(644): Leopard_Wordpress_Offload_Media_Webp->do_converts()
#2 /home4/linkinhr/public_html/linkinhr.org/lms/wp-content/plugins/leopard-wordpress-offload-media/includes/class-leopard-wordpress-offload-media-copy-to-cloud-process.php(51): leopard_offload_media_build_webp_function(542)
#3 /home4/linkinhr/public_html/linkinhr.org/lms/wp-content/plugins/leopard-wordpress-offload-media/includes/class-leopard-wordpress-offload-media-background-process.p in /home4/linkinhr/public_html/linkinhr.org/lms/wp-content/plugins/leopard-wordpress-offload-media/includes/class-leopard-wordpress-offload-media-webp.php on line 91

2020-06-05T01:28:48+00:00 CRITICAL Uncaught Error: Call to undefined function wp_tempnam() in /home4/linkinhr/public_html/linkinhr.org/lms/wp-content/plugins/leopard-wordpress-offload-media/includes/class-leopard-wordpress-offload-media-webp.php:91
Stack trace:
#0 /home4/linkinhr/public_html/linkinhr.org/lms/wp-content/plugins/leopard-wordpress-offload-media/includes/class-leopard-wordpress-offload-media-webp.php(139): Leopard_Wordpress_Offload_Media_Webp->convert('2020/05/960x0.j...')
#1 /home4/linkinhr/public_html/linkinhr.org/lms/wp-content/plugins/leopard-wordpress-offload-media/functions/global.php(644): Leopard_Wordpress_Offload_Media_Webp->do_converts()
#2 /home4/linkinhr/public_html/linkinhr.org/lms/wp-content/plugins/leopard-wordpress-offload-media/includes/class-leopard-wordpress-offload-media-copy-to-cloud-process.php(51): leopard_offload_media_build_webp_function(542)
#3 /home4/linkinhr/public_html/linkinhr.org/lms/wp-content/plugins/leopard-wordpress-offload-media/includes/class-leopard-wordpress-offload-media-background-process.p in /home4/linkinhr/public_html/linkinhr.org/lms/wp-content/plugins/leopard-wordpress-offload-media/includes/class-leopard-wordpress-offload-media-webp.php on line 91

2020-06-05T01:33:48+00:00 CRITICAL Uncaught Error: Call to undefined function wp_tempnam() in /home4/linkinhr/public_html/linkinhr.org/lms/wp-content/plugins/leopard-wordpress-offload-media/includes/class-leopard-wordpress-offload-media-webp.php:91
Stack trace:
#0 /home4/linkinhr/public_html/linkinhr.org/lms/wp-content/plugins/leopard-wordpress-offload-media/includes/class-leopard-wordpress-offload-media-webp.php(139): Leopard_Wordpress_Offload_Media_Webp->convert('2020/05/960x0.j...')
#1 /home4/linkinhr/public_html/linkinhr.org/lms/wp-content/plugins/leopard-wordpress-offload-media/functions/global.php(644): Leopard_Wordpress_Offload_Media_Webp->do_converts()
#2 /home4/linkinhr/public_html/linkinhr.org/lms/wp-content/plugins/leopard-wordpress-offload-media/includes/class-leopard-wordpress-offload-media-copy-to-cloud-process.php(51): leopard_offload_media_build_webp_function(542)
#3 /home4/linkinhr/public_html/linkinhr.org/lms/wp-content/plugins/leopard-wordpress-offload-media/includes/class-leopard-wordpress-offload-media-background-process.p in /home4/linkinhr/public_html/linkinhr.org/lms/wp-content/plugins/leopard-wordpress-offload-media/includes/class-leopard-wordpress-offload-media-webp.php on line 91

2020-06-05T01:38:48+00:00 CRITICAL Uncaught Error: Call to undefined function wp_tempnam() in /home4/linkinhr/public_html/linkinhr.org/lms/wp-content/plugins/leopard-wordpress-offload-media/includes/class-leopard-wordpress-offload-media-webp.php:91
Stack trace:
#0 /home4/linkinhr/public_html/linkinhr.org/lms/wp-content/plugins/leopard-wordpress-offload-media/includes/class-leopard-wordpress-offload-media-webp.php(139): Leopard_Wordpress_Offload_Media_Webp->convert('2020/05/960x0.j...')
#1 /home4/linkinhr/public_html/linkinhr.org/lms/wp-content/plugins/leopard-wordpress-offload-media/functions/global.php(644): Leopard_Wordpress_Offload_Media_Webp->do_converts()
#2 /home4/linkinhr/public_html/linkinhr.org/lms/wp-content/plugins/leopard-wordpress-offload-media/includes/class-leopard-wordpress-offload-media-copy-to-cloud-process.php(51): leopard_offload_media_build_webp_function(542)
#3 /home4/linkinhr/public_html/linkinhr.org/lms/wp-content/plugins/leopard-wordpress-offload-media/includes/class-leopard-wordpress-offload-media-background-process.p in /home4/linkinhr/public_html/linkinhr.org/lms/wp-content/plugins/leopard-wordpress-offload-media/includes/class-leopard-wordpress-offload-media-webp.php on line 91

2020-06-05T01:43:49+00:00 CRITICAL Uncaught Error: Call to undefined function wp_tempnam() in /home4/linkinhr/public_html/linkinhr.org/lms/wp-content/plugins/leopard-wordpress-offload-media/includes/class-leopard-wordpress-offload-media-webp.php:91
Stack trace:
#0 /home4/linkinhr/public_html/linkinhr.org/lms/wp-content/plugins/leopard-wordpress-offload-media/includes/class-leopard-wordpress-offload-media-webp.php(139): Leopard_Wordpress_Offload_Media_Webp->convert('2020/05/960x0.j...')
#1 /home4/linkinhr/public_html/linkinhr.org/lms/wp-content/plugins/leopard-wordpress-offload-media/functions/global.php(644): Leopard_Wordpress_Offload_Media_Webp->do_converts()
#2 /home4/linkinhr/public_html/linkinhr.org/lms/wp-content/plugins/leopard-wordpress-offload-media/includes/class-leopard-wordpress-offload-media-copy-to-cloud-process.php(51): leopard_offload_media_build_webp_function(542)
#3 /home4/linkinhr/public_html/linkinhr.org/lms/wp-content/plugins/leopard-wordpress-offload-media/includes/class-leopard-wordpress-offload-media-background-process.p in /home4/linkinhr/public_html/linkinhr.org/lms/wp-content/plugins/leopard-wordpress-offload-media/includes/class-leopard-wordpress-offload-media-webp.php on line 91

2020-06-05T01:48:48+00:00 CRITICAL Uncaught Error: Call to undefined function wp_tempnam() in /home4/linkinhr/public_html/linkinhr.org/lms/wp-content/plugins/leopard-wordpress-offload-media/includes/class-leopard-wordpress-offload-media-webp.php:91
Stack trace:
#0 /home4/linkinhr/public_html/linkinhr.org/lms/wp-content/plugins/leopard-wordpress-offload-media/includes/class-leopard-wordpress-offload-media-webp.php(139): Leopard_Wordpress_Offload_Media_Webp->convert('2020/05/960x0.j...')
#1 /home4/linkinhr/public_html/linkinhr.org/lms/wp-content/plugins/leopard-wordpress-offload-media/functions/global.php(644): Leopard_Wordpress_Offload_Media_Webp->do_converts()
#2 /home4/linkinhr/public_html/linkinhr.org/lms/wp-content/plugins/leopard-wordpress-offload-media/includes/class-leopard-wordpress-offload-media-copy-to-cloud-process.php(51): leopard_offload_media_build_webp_function(542)
#3 /home4/linkinhr/public_html/linkinhr.org/lms/wp-content/plugins/leopard-wordpress-offload-media/includes/class-leopard-wordpress-offload-media-background-process.p in /home4/linkinhr/public_html/linkinhr.org/lms/wp-content/plugins/leopard-wordpress-offload-media/includes/class-leopard-wordpress-offload-media-webp.php on line 91

2020-06-05T01:53:48+00:00 CRITICAL Uncaught Error: Call to undefined function wp_tempnam() in /home4/linkinhr/public_html/linkinhr.org/lms/wp-content/plugins/leopard-wordpress-offload-media/includes/class-leopard-wordpress-offload-media-webp.php:91
Stack trace:
#0 /home4/linkinhr/public_html/linkinhr.org/lms/wp-content/plugins/leopard-wordpress-offload-media/includes/class-leopard-wordpress-offload-media-webp.php(139): Leopard_Wordpress_Offload_Media_Webp->convert('2020/05/960x0.j...')
#1 /home4/linkinhr/public_html/linkinhr.org/lms/wp-content/plugins/leopard-wordpress-offload-media/functions/global.php(644): Leopard_Wordpress_Offload_Media_Webp->do_converts()
#2 /home4/linkinhr/public_html/linkinhr.org/lms/wp-content/plugins/leopard-wordpress-offload-media/includes/class-leopard-wordpress-offload-media-copy-to-cloud-process.php(51): leopard_offload_media_build_webp_function(542)
#3 /home4/linkinhr/public_html/linkinhr.org/lms/wp-content/plugins/leopard-wordpress-offload-media/includes/class-leopard-wordpress-offload-media-background-process.p in /home4/linkinhr/public_html/linkinhr.org/lms/wp-content/plugins/leopard-wordpress-offload-media/includes/class-leopard-wordpress-offload-media-webp.php on line 91

2020-06-05T01:58:48+00:00 CRITICAL Uncaught Error: Call to undefined function wp_tempnam() in /home4/linkinhr/public_html/linkinhr.org/lms/wp-content/plugins/leopard-wordpress-offload-media/includes/class-leopard-wordpress-offload-media-webp.php:91
Stack trace:
#0 /home4/linkinhr/public_html/linkinhr.org/lms/wp-content/plugins/leopard-wordpress-offload-media/includes/class-leopard-wordpress-offload-media-webp.php(139): Leopard_Wordpress_Offload_Media_Webp->convert('2020/05/960x0.j...')
#1 /home4/linkinhr/public_html/linkinhr.org/lms/wp-content/plugins/leopard-wordpress-offload-media/functions/global.php(644): Leopard_Wordpress_Offload_Media_Webp->do_converts()
#2 /home4/linkinhr/public_html/linkinhr.org/lms/wp-content/plugins/leopard-wordpress-offload-media/includes/class-leopard-wordpress-offload-media-copy-to-cloud-process.php(51): leopard_offload_media_build_webp_function(542)
#3 /home4/linkinhr/public_html/linkinhr.org/lms/wp-content/plugins/leopard-wordpress-offload-media/includes/class-leopard-wordpress-offload-media-background-process.p in /home4/linkinhr/public_html/linkinhr.org/lms/wp-content/plugins/leopard-wordpress-offload-media/includes/class-leopard-wordpress-offload-media-webp.php on line 91

2020-06-05T02:03:48+00:00 CRITICAL Uncaught Error: Call to undefined function wp_tempnam() in /home4/linkinhr/public_html/linkinhr.org/lms/wp-content/plugins/leopard-wordpress-offload-media/includes/class-leopard-wordpress-offload-media-webp.php:91
Stack trace:
#0 /home4/linkinhr/public_html/linkinhr.org/lms/wp-content/plugins/leopard-wordpress-offload-media/includes/class-leopard-wordpress-offload-media-webp.php(139): Leopard_Wordpress_Offload_Media_Webp->convert('2020/05/960x0.j...')
#1 /home4/linkinhr/public_html/linkinhr.org/lms/wp-content/plugins/leopard-wordpress-offload-media/functions/global.php(644): Leopard_Wordpress_Offload_Media_Webp->do_converts()
#2 /home4/linkinhr/public_html/linkinhr.org/lms/wp-content/plugins/leopard-wordpress-offload-media/includes/class-leopard-wordpress-offload-media-copy-to-cloud-process.php(51): leopard_offload_media_build_webp_function(542)
#3 /home4/linkinhr/public_html/linkinhr.org/lms/wp-content/plugins/leopard-wordpress-offload-media/includes/class-leopard-wordpress-offload-media-background-process.p in /home4/linkinhr/public_html/linkinhr.org/lms/wp-content/plugins/leopard-wordpress-offload-media/includes/class-leopard-wordpress-offload-media-webp.php on line 91

2020-06-05T02:08:48+00:00 CRITICAL Uncaught Error: Call to undefined function wp_tempnam() in /home4/linkinhr/public_html/linkinhr.org/lms/wp-content/plugins/leopard-wordpress-offload-media/includes/class-leopard-wordpress-offload-media-webp.php:91
Stack trace:
#0 /home4/linkinhr/public_html/linkinhr.org/lms/wp-content/plugins/leopard-wordpress-offload-media/includes/class-leopard-wordpress-offload-media-webp.php(139): Leopard_Wordpress_Offload_Media_Webp->convert('2020/05/960x0.j...')
#1 /home4/linkinhr/public_html/linkinhr.org/lms/wp-content/plugins/leopard-wordpress-offload-media/functions/global.php(644): Leopard_Wordpress_Offload_Media_Webp->do_converts()
#2 /home4/linkinhr/public_html/linkinhr.org/lms/wp-content/plugins/leopard-wordpress-offload-media/includes/class-leopard-wordpress-offload-media-copy-to-cloud-process.php(51): leopard_offload_media_build_webp_function(542)
#3 /home4/linkinhr/public_html/linkinhr.org/lms/wp-content/plugins/leopard-wordpress-offload-media/includes/class-leopard-wordpress-offload-media-background-process.p in /home4/linkinhr/public_html/linkinhr.org/lms/wp-content/plugins/leopard-wordpress-offload-media/includes/class-leopard-wordpress-offload-media-webp.php on line 91

2020-06-05T02:13:48+00:00 CRITICAL Uncaught Error: Call to undefined function wp_tempnam() in /home4/linkinhr/public_html/linkinhr.org/lms/wp-content/plugins/leopard-wordpress-offload-media/includes/class-leopard-wordpress-offload-media-webp.php:91
Stack trace:
#0 /home4/linkinhr/public_html/linkinhr.org/lms/wp-content/plugins/leopard-wordpress-offload-media/includes/class-leopard-wordpress-offload-media-webp.php(139): Leopard_Wordpress_Offload_Media_Webp->convert('2020/05/960x0.j...')
#1 /home4/linkinhr/public_html/linkinhr.org/lms/wp-content/plugins/leopard-wordpress-offload-media/functions/global.php(644): Leopard_Wordpress_Offload_Media_Webp->do_converts()
#2 /home4/linkinhr/public_html/linkinhr.org/lms/wp-content/plugins/leopard-wordpress-offload-media/includes/class-leopard-wordpress-offload-media-copy-to-cloud-process.php(51): leopard_offload_media_build_webp_function(542)
#3 /home4/linkinhr/public_html/linkinhr.org/lms/wp-content/plugins/leopard-wordpress-offload-media/includes/class-leopard-wordpress-offload-media-background-process.p in /home4/linkinhr/public_html/linkinhr.org/lms/wp-content/plugins/leopard-wordpress-offload-media/includes/class-leopard-wordpress-offload-media-webp.php on line 91

2020-06-05T02:18:48+00:00 CRITICAL Uncaught Error: Call to undefined function wp_tempnam() in /home4/linkinhr/public_html/linkinhr.org/lms/wp-content/plugins/leopard-wordpress-offload-media/includes/class-leopard-wordpress-offload-media-webp.php:91
Stack trace:
#0 /home4/linkinhr/public_html/linkinhr.org/lms/wp-content/plugins/leopard-wordpress-offload-media/includes/class-leopard-wordpress-offload-media-webp.php(139): Leopard_Wordpress_Offload_Media_Webp->convert('2020/05/960x0.j...')
#1 /home4/linkinhr/public_html/linkinhr.org/lms/wp-content/plugins/leopard-wordpress-offload-media/functions/global.php(644): Leopard_Wordpress_Offload_Media_Webp->do_converts()
#2 /home4/linkinhr/public_html/linkinhr.org/lms/wp-content/plugins/leopard-wordpress-offload-media/includes/class-leopard-wordpress-offload-media-copy-to-cloud-process.php(51): leopard_offload_media_build_webp_function(542)
#3 /home4/linkinhr/public_html/linkinhr.org/lms/wp-content/plugins/leopard-wordpress-offload-media/includes/class-leopard-wordpress-offload-media-background-process.p in /home4/linkinhr/public_html/linkinhr.org/lms/wp-content/plugins/leopard-wordpress-offload-media/includes/class-leopard-wordpress-offload-media-webp.php on line 91

2020-06-05T02:23:48+00:00 CRITICAL Uncaught Error: Call to undefined function wp_tempnam() in /home4/linkinhr/public_html/linkinhr.org/lms/wp-content/plugins/leopard-wordpress-offload-media/includes/class-leopard-wordpress-offload-media-webp.php:91
Stack trace:
#0 /home4/linkinhr/public_html/linkinhr.org/lms/wp-content/plugins/leopard-wordpress-offload-media/includes/class-leopard-wordpress-offload-media-webp.php(139): Leopard_Wordpress_Offload_Media_Webp->convert('2020/05/960x0.j...')
#1 /home4/linkinhr/public_html/linkinhr.org/lms/wp-content/plugins/leopard-wordpress-offload-media/functions/global.php(644): Leopard_Wordpress_Offload_Media_Webp->do_converts()
#2 /home4/linkinhr/public_html/linkinhr.org/lms/wp-content/plugins/leopard-wordpress-offload-media/includes/class-leopard-wordpress-offload-media-copy-to-cloud-process.php(51): leopard_offload_media_build_webp_function(542)
#3 /home4/linkinhr/public_html/linkinhr.org/lms/wp-content/plugins/leopard-wordpress-offload-media/includes/class-leopard-wordpress-offload-media-background-process.p in /home4/linkinhr/public_html/linkinhr.org/lms/wp-content/plugins/leopard-wordpress-offload-media/includes/class-leopard-wordpress-offload-media-webp.php on line 91

2020-06-05T02:28:48+00:00 CRITICAL Uncaught Error: Call to undefined function wp_tempnam() in /home4/linkinhr/public_html/linkinhr.org/lms/wp-content/plugins/leopard-wordpress-offload-media/includes/class-leopard-wordpress-offload-media-webp.php:91
Stack trace:
#0 /home4/linkinhr/public_html/linkinhr.org/lms/wp-content/plugins/leopard-wordpress-offload-media/includes/class-leopard-wordpress-offload-media-webp.php(139): Leopard_Wordpress_Offload_Media_Webp->convert('2020/05/960x0.j...')
#1 /home4/linkinhr/public_html/linkinhr.org/lms/wp-content/plugins/leopard-wordpress-offload-media/functions/global.php(644): Leopard_Wordpress_Offload_Media_Webp->do_converts()
#2 /home4/linkinhr/public_html/linkinhr.org/lms/wp-content/plugins/leopard-wordpress-offload-media/includes/class-leopard-wordpress-offload-media-copy-to-cloud-process.php(51): leopard_offload_media_build_webp_function(542)
#3 /home4/linkinhr/public_html/linkinhr.org/lms/wp-content/plugins/leopard-wordpress-offload-media/includes/class-leopard-wordpress-offload-media-background-process.p in /home4/linkinhr/public_html/linkinhr.org/lms/wp-content/plugins/leopard-wordpress-offload-media/includes/class-leopard-wordpress-offload-media-webp.php on line 91

2020-06-05T02:33:48+00:00 CRITICAL Uncaught Error: Call to undefined function wp_tempnam() in /home4/linkinhr/public_html/linkinhr.org/lms/wp-content/plugins/leopard-wordpress-offload-media/includes/class-leopard-wordpress-offload-media-webp.php:91
Stack trace:
#0 /home4/linkinhr/public_html/linkinhr.org/lms/wp-content/plugins/leopard-wordpress-offload-media/includes/class-leopard-wordpress-offload-media-webp.php(139): Leopard_Wordpress_Offload_Media_Webp->convert('2020/05/960x0.j...')
#1 /home4/linkinhr/public_html/linkinhr.org/lms/wp-content/plugins/leopard-wordpress-offload-media/functions/global.php(644): Leopard_Wordpress_Offload_Media_Webp->do_converts()
#2 /home4/linkinhr/public_html/linkinhr.org/lms/wp-content/plugins/leopard-wordpress-offload-media/includes/class-leopard-wordpress-offload-media-copy-to-cloud-process.php(51): leopard_offload_media_build_webp_function(542)
#3 /home4/linkinhr/public_html/linkinhr.org/lms/wp-content/plugins/leopard-wordpress-offload-media/includes/class-leopard-wordpress-offload-media-background-process.p in /home4/linkinhr/public_html/linkinhr.org/lms/wp-content/plugins/leopard-wordpress-offload-media/includes/class-leopard-wordpress-offload-media-webp.php on line 91

2020-06-05T02:38:40+00:00 CRITICAL Uncaught Error: Call to undefined function wp_tempnam() in /home4/linkinhr/public_html/linkinhr.org/lms/wp-content/plugins/leopard-wordpress-offload-media/includes/class-leopard-wordpress-offload-media-webp.php:91
Stack trace:
#0 /home4/linkinhr/public_html/linkinhr.org/lms/wp-content/plugins/leopard-wordpress-offload-media/includes/class-leopard-wordpress-offload-media-webp.php(139): Leopard_Wordpress_Offload_Media_Webp->convert('2020/05/960x0.j...')
#1 /home4/linkinhr/public_html/linkinhr.org/lms/wp-content/plugins/leopard-wordpress-offload-media/functions/global.php(644): Leopard_Wordpress_Offload_Media_Webp->do_converts()
#2 /home4/linkinhr/public_html/linkinhr.org/lms/wp-content/plugins/leopard-wordpress-offload-media/includes/class-leopard-wordpress-offload-media-copy-to-cloud-process.php(51): leopard_offload_media_build_webp_function(542)
#3 /home4/linkinhr/public_html/linkinhr.org/lms/wp-content/plugins/leopard-wordpress-offload-media/includes/class-leopard-wordpress-offload-media-background-process.p in /home4/linkinhr/public_html/linkinhr.org/lms/wp-content/plugins/leopard-wordpress-offload-media/includes/class-leopard-wordpress-offload-media-webp.php on line 91

2020-06-05T03:12:41+00:00 CRITICAL Maximum execution time of 30 seconds exceeded in /home4/linkinhr/public_html/linkinhr.org/lms/wp-content/plugins/leopard-wordpress-offload-media/vendor/rosell-dk/webp-convert/src/Convert/Converters/Cwebp.php on line 382

