2020-06-01T03:00:15+00:00 CRITICAL Uncaught Error: Call to undefined function front_job_header_search_form() in /home4/linkinhr/public_html/linkinhr.org/lms/wp-content/plugins/front-gutenberg-blocks/src/block/jobs-hero-search-form/index.php:38
Stack trace:
#0 /home4/linkinhr/public_html/linkinhr.org/lms/wp-includes/class-wp-block-type.php(109): frontgb_render_jobs_search_form_block(Array, '')
#1 /home4/linkinhr/public_html/linkinhr.org/lms/wp-includes/blocks.php(487): WP_Block_Type->render(Array, '')
#2 /home4/linkinhr/public_html/linkinhr.org/lms/wp-includes/blocks.php(478): render_block(Array)
#3 /home4/linkinhr/public_html/linkinhr.org/lms/wp-includes/blocks.php(537): render_block(Array)
#4 /home4/linkinhr/public_html/linkinhr.org/lms/wp-includes/class-wp-hook.php(287): do_blocks('<!-- wp:fgb/job...')
#5 /home4/linkinhr/public_html/linkinhr.org/lms/wp-includes/plugin.php(206): WP_Hook->apply_filters('<!-- wp:fgb/job...', Array)
#6 /home4/linkinhr/public_html/linkinhr.org/lms/wp-includes/rest-api/endpoints/class-wp-rest-posts-controller.php( in /home4/linkinhr/public_html/linkinhr.org/lms/wp-content/plugins/front-gutenberg-blocks/src/block/jobs-hero-search-form/index.php on line 38

2020-06-01T03:02:03+00:00 CRITICAL Uncaught Error: Call to undefined function front_job_header_search_form() in /home4/linkinhr/public_html/linkinhr.org/lms/wp-content/plugins/front-gutenberg-blocks/src/block/jobs-hero-search-form/index.php:38
Stack trace:
#0 /home4/linkinhr/public_html/linkinhr.org/lms/wp-includes/class-wp-block-type.php(109): frontgb_render_jobs_search_form_block(Array, '')
#1 /home4/linkinhr/public_html/linkinhr.org/lms/wp-includes/blocks.php(487): WP_Block_Type->render(Array, '')
#2 /home4/linkinhr/public_html/linkinhr.org/lms/wp-includes/blocks.php(478): render_block(Array)
#3 /home4/linkinhr/public_html/linkinhr.org/lms/wp-includes/blocks.php(537): render_block(Array)
#4 /home4/linkinhr/public_html/linkinhr.org/lms/wp-includes/class-wp-hook.php(287): do_blocks('<!-- wp:fgb/job...')
#5 /home4/linkinhr/public_html/linkinhr.org/lms/wp-includes/plugin.php(206): WP_Hook->apply_filters('<!-- wp:fgb/job...', Array)
#6 /home4/linkinhr/public_html/linkinhr.org/lms/wp-includes/post-template.php(253): apply_filters('the_content', ' in /home4/linkinhr/public_html/linkinhr.org/lms/wp-content/plugins/front-gutenberg-blocks/src/block/jobs-hero-search-form/index.php on line 38

2020-06-01T03:06:45+00:00 CRITICAL Uncaught Error: Call to undefined method WP_Job_Manager_Alerts_Post_Types::get_alert_search_terms() in /home4/linkinhr/public_html/linkinhr.org/lms/wp-content/themes/front/wp-job-manager-alerts/my-alerts.php:45
Stack trace:
#0 /home4/linkinhr/public_html/linkinhr.org/lms/wp-content/plugins/wp-job-manager/wp-job-manager-template.php(27): include()
#1 /home4/linkinhr/public_html/linkinhr.org/lms/wp-content/plugins/3-WPJM-wp-job-manager-alerts/includes/class-wp-job-manager-alerts-shortcodes.php(237): get_job_manager_template('my-alerts.php', Array, 'wp-job-manager-...', '/home4/linkinhr...')
#2 /home4/linkinhr/public_html/linkinhr.org/lms/wp-includes/shortcodes.php(343): WP_Job_Manager_Alerts_Shortcodes->job_alerts('', '', 'job_alerts')
#3 [internal function]: do_shortcode_tag(Array)
#4 /home4/linkinhr/public_html/linkinhr.org/lms/wp-includes/shortcodes.php(218): preg_replace_callback('/\\[(\\[?)(job_al...', 'do_shortcode_ta...', '<pre><code>[job...')
#5 /home4/linkinhr/public_html/linkinhr.org/lms/wp-includes/c in /home4/linkinhr/public_html/linkinhr.org/lms/wp-content/themes/front/wp-job-manager-alerts/my-alerts.php on line 45

2020-06-01T03:20:53+00:00 CRITICAL Uncaught Error: Call to undefined method WP_Job_Manager_Alerts_Post_Types::get_alert_search_terms() in /home4/linkinhr/public_html/linkinhr.org/lms/wp-content/themes/front/wp-job-manager-alerts/my-alerts.php:45
Stack trace:
#0 /home4/linkinhr/public_html/linkinhr.org/lms/wp-content/plugins/wp-job-manager/wp-job-manager-template.php(27): include()
#1 /home4/linkinhr/public_html/linkinhr.org/lms/wp-content/plugins/3-WPJM-wp-job-manager-alerts/includes/class-wp-job-manager-alerts-shortcodes.php(237): get_job_manager_template('my-alerts.php', Array, 'wp-job-manager-...', '/home4/linkinhr...')
#2 /home4/linkinhr/public_html/linkinhr.org/lms/wp-includes/shortcodes.php(343): WP_Job_Manager_Alerts_Shortcodes->job_alerts('', '', 'job_alerts')
#3 [internal function]: do_shortcode_tag(Array)
#4 /home4/linkinhr/public_html/linkinhr.org/lms/wp-includes/shortcodes.php(218): preg_replace_callback('/\\[(\\[?)(job_al...', 'do_shortcode_ta...', '<pre><code>[job...')
#5 /home4/linkinhr/public_html/linkinhr.org/lms/wp-includes/c in /home4/linkinhr/public_html/linkinhr.org/lms/wp-content/themes/front/wp-job-manager-alerts/my-alerts.php on line 45

2020-06-01T03:54:51+00:00 CRITICAL Uncaught Error: Call to undefined method WP_Job_Manager_Alerts_Post_Types::get_alert_search_terms() in /home4/linkinhr/public_html/linkinhr.org/lms/wp-content/themes/front/wp-job-manager-alerts/my-alerts.php:45
Stack trace:
#0 /home4/linkinhr/public_html/linkinhr.org/lms/wp-content/plugins/wp-job-manager/wp-job-manager-template.php(27): include()
#1 /home4/linkinhr/public_html/linkinhr.org/lms/wp-content/plugins/3-WPJM-wp-job-manager-alerts/includes/class-wp-job-manager-alerts-shortcodes.php(237): get_job_manager_template('my-alerts.php', Array, 'wp-job-manager-...', '/home4/linkinhr...')
#2 /home4/linkinhr/public_html/linkinhr.org/lms/wp-includes/shortcodes.php(343): WP_Job_Manager_Alerts_Shortcodes->job_alerts('', '', 'job_alerts')
#3 [internal function]: do_shortcode_tag(Array)
#4 /home4/linkinhr/public_html/linkinhr.org/lms/wp-includes/shortcodes.php(218): preg_replace_callback('/\\[(\\[?)(job_al...', 'do_shortcode_ta...', '<pre><code>[job...')
#5 /home4/linkinhr/public_html/linkinhr.org/lms/wp-includes/c in /home4/linkinhr/public_html/linkinhr.org/lms/wp-content/themes/front/wp-job-manager-alerts/my-alerts.php on line 45

2020-06-01T04:22:15+00:00 CRITICAL Uncaught Error: Call to undefined method WP_Job_Manager_Alerts_Post_Types::get_alert_search_terms() in /home4/linkinhr/public_html/linkinhr.org/lms/wp-content/themes/front/wp-job-manager-alerts/my-alerts.php:45
Stack trace:
#0 /home4/linkinhr/public_html/linkinhr.org/lms/wp-content/plugins/wp-job-manager/wp-job-manager-template.php(27): include()
#1 /home4/linkinhr/public_html/linkinhr.org/lms/wp-content/plugins/3-WPJM-wp-job-manager-alerts/includes/class-wp-job-manager-alerts-shortcodes.php(237): get_job_manager_template('my-alerts.php', Array, 'wp-job-manager-...', '/home4/linkinhr...')
#2 /home4/linkinhr/public_html/linkinhr.org/lms/wp-includes/shortcodes.php(343): WP_Job_Manager_Alerts_Shortcodes->job_alerts('', '', 'job_alerts')
#3 [internal function]: do_shortcode_tag(Array)
#4 /home4/linkinhr/public_html/linkinhr.org/lms/wp-includes/shortcodes.php(218): preg_replace_callback('/\\[(\\[?)(job_al...', 'do_shortcode_ta...', '<pre><code>[job...')
#5 /home4/linkinhr/public_html/linkinhr.org/lms/wp-includes/c in /home4/linkinhr/public_html/linkinhr.org/lms/wp-content/themes/front/wp-job-manager-alerts/my-alerts.php on line 45

2020-06-01T07:17:07+00:00 CRITICAL Uncaught Error: Call to undefined function front_job_header_search_form() in /home4/linkinhr/public_html/linkinhr.org/lms/wp-content/plugins/front-gutenberg-blocks/src/block/jobs-hero-search-form/index.php:38
Stack trace:
#0 /home4/linkinhr/public_html/linkinhr.org/lms/wp-includes/class-wp-block-type.php(109): frontgb_render_jobs_search_form_block(Array, '')
#1 /home4/linkinhr/public_html/linkinhr.org/lms/wp-includes/blocks.php(487): WP_Block_Type->render(Array, '')
#2 /home4/linkinhr/public_html/linkinhr.org/lms/wp-includes/blocks.php(478): render_block(Array)
#3 /home4/linkinhr/public_html/linkinhr.org/lms/wp-includes/blocks.php(537): render_block(Array)
#4 /home4/linkinhr/public_html/linkinhr.org/lms/wp-includes/class-wp-hook.php(287): do_blocks('<!-- wp:fgb/job...')
#5 /home4/linkinhr/public_html/linkinhr.org/lms/wp-includes/plugin.php(206): WP_Hook->apply_filters('<!-- wp:fgb/job...', Array)
#6 /home4/linkinhr/public_html/linkinhr.org/lms/wp-includes/rest-api/endpoints/class-wp-rest-posts-controller.php( in /home4/linkinhr/public_html/linkinhr.org/lms/wp-content/plugins/front-gutenberg-blocks/src/block/jobs-hero-search-form/index.php on line 38

2020-06-01T09:16:10+00:00 CRITICAL Uncaught Error: Call to undefined function resume_manager_user_can_edit_published_submissions() in /home4/linkinhr/public_html/linkinhr.org/lms/wp-content/themes/jobhunt/wp-job-manager-resumes/candidate-dashboard.php:58
Stack trace:
#0 /home4/linkinhr/public_html/linkinhr.org/lms/wp-content/plugins/wp-job-manager/wp-job-manager-template.php(27): include()
#1 /home4/linkinhr/public_html/linkinhr.org/lms/wp-content/plugins/6-WPJM-wp-job-manager-resumes/includes/class-wp-resume-manager-shortcodes.php(176): get_job_manager_template('candidate-dashb...', Array, 'wp-job-manager-...', '/home4/linkinhr...')
#2 /home4/linkinhr/public_html/linkinhr.org/lms/wp-includes/shortcodes.php(343): WP_Resume_Manager_Shortcodes->candidate_dashboard('', '', 'candidate_dashb...')
#3 [internal function]: do_shortcode_tag(Array)
#4 /home4/linkinhr/public_html/linkinhr.org/lms/wp-includes/shortcodes.php(218): preg_replace_callback('/\\[(\\[?)(candid...', 'do_shortcode_ta...', '[candidate_dash...')
#5 /home4/linkinhr/public_html/linkin in /home4/linkinhr/public_html/linkinhr.org/lms/wp-content/themes/jobhunt/wp-job-manager-resumes/candidate-dashboard.php on line 58

2020-06-01T09:17:20+00:00 CRITICAL Uncaught Error: Call to undefined function resume_manager_user_can_edit_published_submissions() in /home4/linkinhr/public_html/linkinhr.org/lms/wp-content/themes/jobhunt/wp-job-manager-resumes/candidate-dashboard.php:58
Stack trace:
#0 /home4/linkinhr/public_html/linkinhr.org/lms/wp-content/plugins/wp-job-manager/wp-job-manager-template.php(27): include()
#1 /home4/linkinhr/public_html/linkinhr.org/lms/wp-content/plugins/6-WPJM-wp-job-manager-resumes/includes/class-wp-resume-manager-shortcodes.php(176): get_job_manager_template('candidate-dashb...', Array, 'wp-job-manager-...', '/home4/linkinhr...')
#2 /home4/linkinhr/public_html/linkinhr.org/lms/wp-includes/shortcodes.php(343): WP_Resume_Manager_Shortcodes->candidate_dashboard('', '', 'candidate_dashb...')
#3 [internal function]: do_shortcode_tag(Array)
#4 /home4/linkinhr/public_html/linkinhr.org/lms/wp-includes/shortcodes.php(218): preg_replace_callback('/\\[(\\[?)(candid...', 'do_shortcode_ta...', '[candidate_dash...')
#5 /home4/linkinhr/public_html/linkin in /home4/linkinhr/public_html/linkinhr.org/lms/wp-content/themes/jobhunt/wp-job-manager-resumes/candidate-dashboard.php on line 58

2020-06-01T09:18:49+00:00 CRITICAL Uncaught Error: Call to undefined function resume_manager_user_can_edit_published_submissions() in /home4/linkinhr/public_html/linkinhr.org/lms/wp-content/themes/jobhunt/wp-job-manager-resumes/candidate-dashboard.php:58
Stack trace:
#0 /home4/linkinhr/public_html/linkinhr.org/lms/wp-content/plugins/wp-job-manager/wp-job-manager-template.php(27): include()
#1 /home4/linkinhr/public_html/linkinhr.org/lms/wp-content/plugins/6-WPJM-wp-job-manager-resumes/includes/class-wp-resume-manager-shortcodes.php(176): get_job_manager_template('candidate-dashb...', Array, 'wp-job-manager-...', '/home4/linkinhr...')
#2 /home4/linkinhr/public_html/linkinhr.org/lms/wp-includes/shortcodes.php(343): WP_Resume_Manager_Shortcodes->candidate_dashboard('', '', 'candidate_dashb...')
#3 [internal function]: do_shortcode_tag(Array)
#4 /home4/linkinhr/public_html/linkinhr.org/lms/wp-includes/shortcodes.php(218): preg_replace_callback('/\\[(\\[?)(candid...', 'do_shortcode_ta...', '[candidate_dash...')
#5 /home4/linkinhr/public_html/linkin in /home4/linkinhr/public_html/linkinhr.org/lms/wp-content/themes/jobhunt/wp-job-manager-resumes/candidate-dashboard.php on line 58

2020-06-01T09:38:14+00:00 CRITICAL Uncaught Error: Call to undefined function resume_manager_user_can_edit_published_submissions() in /home4/linkinhr/public_html/linkinhr.org/lms/wp-content/themes/jobhunt/wp-job-manager-resumes/candidate-dashboard.php:58
Stack trace:
#0 /home4/linkinhr/public_html/linkinhr.org/lms/wp-content/plugins/wp-job-manager/wp-job-manager-template.php(27): include()
#1 /home4/linkinhr/public_html/linkinhr.org/lms/wp-content/plugins/6-WPJM-wp-job-manager-resumes/includes/class-wp-resume-manager-shortcodes.php(176): get_job_manager_template('candidate-dashb...', Array, 'wp-job-manager-...', '/home4/linkinhr...')
#2 /home4/linkinhr/public_html/linkinhr.org/lms/wp-includes/shortcodes.php(343): WP_Resume_Manager_Shortcodes->candidate_dashboard('', '', 'candidate_dashb...')
#3 [internal function]: do_shortcode_tag(Array)
#4 /home4/linkinhr/public_html/linkinhr.org/lms/wp-includes/shortcodes.php(218): preg_replace_callback('/\\[(\\[?)(candid...', 'do_shortcode_ta...', '[candidate_dash...')
#5 /home4/linkinhr/public_html/linkin in /home4/linkinhr/public_html/linkinhr.org/lms/wp-content/themes/jobhunt/wp-job-manager-resumes/candidate-dashboard.php on line 58

2020-06-01T09:44:31+00:00 CRITICAL Uncaught Error: Call to undefined function resume_manager_user_can_edit_published_submissions() in /home4/linkinhr/public_html/linkinhr.org/lms/wp-content/themes/jobhunt/wp-job-manager-resumes/candidate-dashboard.php:58
Stack trace:
#0 /home4/linkinhr/public_html/linkinhr.org/lms/wp-content/plugins/wp-job-manager/wp-job-manager-template.php(27): include()
#1 /home4/linkinhr/public_html/linkinhr.org/lms/wp-content/plugins/6-WPJM-wp-job-manager-resumes/includes/class-wp-resume-manager-shortcodes.php(176): get_job_manager_template('candidate-dashb...', Array, 'wp-job-manager-...', '/home4/linkinhr...')
#2 /home4/linkinhr/public_html/linkinhr.org/lms/wp-includes/shortcodes.php(343): WP_Resume_Manager_Shortcodes->candidate_dashboard('', '', 'candidate_dashb...')
#3 [internal function]: do_shortcode_tag(Array)
#4 /home4/linkinhr/public_html/linkinhr.org/lms/wp-includes/shortcodes.php(218): preg_replace_callback('/\\[(\\[?)(candid...', 'do_shortcode_ta...', '[candidate_dash...')
#5 /home4/linkinhr/public_html/linkin in /home4/linkinhr/public_html/linkinhr.org/lms/wp-content/themes/jobhunt/wp-job-manager-resumes/candidate-dashboard.php on line 58

2020-06-01T09:48:41+00:00 CRITICAL Uncaught Error: Call to undefined function front_companies_header_search_form() in /home4/linkinhr/public_html/linkinhr.org/lms/wp-content/plugins/front-gutenberg-blocks/src/block/companies-search-form/index.php:51
Stack trace:
#0 /home4/linkinhr/public_html/linkinhr.org/lms/wp-includes/class-wp-block-type.php(109): frontgb_render_companies_search_form_block(Array, '')
#1 /home4/linkinhr/public_html/linkinhr.org/lms/wp-includes/blocks.php(487): WP_Block_Type->render(Array, '')
#2 /home4/linkinhr/public_html/linkinhr.org/lms/wp-includes/blocks.php(537): render_block(Array)
#3 /home4/linkinhr/public_html/linkinhr.org/lms/wp-includes/class-wp-hook.php(287): do_blocks('<!-- wp:fgb/com...')
#4 /home4/linkinhr/public_html/linkinhr.org/lms/wp-includes/plugin.php(206): WP_Hook->apply_filters('<!-- wp:fgb/com...', Array)
#5 /home4/linkinhr/public_html/linkinhr.org/lms/wp-includes/post-template.php(253): apply_filters('the_content', '<!-- wp:fgb/com...')
#6 /home4/linkinhr/public_html/linkinhr.org/lms/wp-content/themes in /home4/linkinhr/public_html/linkinhr.org/lms/wp-content/plugins/front-gutenberg-blocks/src/block/companies-search-form/index.php on line 51

2020-06-01T09:48:53+00:00 CRITICAL Uncaught Error: Call to undefined function front_companies_header_search_form() in /home4/linkinhr/public_html/linkinhr.org/lms/wp-content/plugins/front-gutenberg-blocks/src/block/companies-search-form/index.php:51
Stack trace:
#0 /home4/linkinhr/public_html/linkinhr.org/lms/wp-includes/class-wp-block-type.php(109): frontgb_render_companies_search_form_block(Array, '')
#1 /home4/linkinhr/public_html/linkinhr.org/lms/wp-includes/blocks.php(487): WP_Block_Type->render(Array, '')
#2 /home4/linkinhr/public_html/linkinhr.org/lms/wp-includes/blocks.php(537): render_block(Array)
#3 /home4/linkinhr/public_html/linkinhr.org/lms/wp-includes/class-wp-hook.php(287): do_blocks('<!-- wp:fgb/com...')
#4 /home4/linkinhr/public_html/linkinhr.org/lms/wp-includes/plugin.php(206): WP_Hook->apply_filters('<!-- wp:fgb/com...', Array)
#5 /home4/linkinhr/public_html/linkinhr.org/lms/wp-includes/post-template.php(253): apply_filters('the_content', '<!-- wp:fgb/com...')
#6 /home4/linkinhr/public_html/linkinhr.org/lms/wp-content/themes in /home4/linkinhr/public_html/linkinhr.org/lms/wp-content/plugins/front-gutenberg-blocks/src/block/companies-search-form/index.php on line 51

2020-06-01T09:49:06+00:00 CRITICAL Uncaught Error: Call to undefined function front_companies_header_search_form() in /home4/linkinhr/public_html/linkinhr.org/lms/wp-content/plugins/front-gutenberg-blocks/src/block/companies-search-form/index.php:51
Stack trace:
#0 /home4/linkinhr/public_html/linkinhr.org/lms/wp-includes/class-wp-block-type.php(109): frontgb_render_companies_search_form_block(Array, '')
#1 /home4/linkinhr/public_html/linkinhr.org/lms/wp-includes/blocks.php(487): WP_Block_Type->render(Array, '')
#2 /home4/linkinhr/public_html/linkinhr.org/lms/wp-includes/blocks.php(537): render_block(Array)
#3 /home4/linkinhr/public_html/linkinhr.org/lms/wp-includes/class-wp-hook.php(287): do_blocks('<!-- wp:fgb/com...')
#4 /home4/linkinhr/public_html/linkinhr.org/lms/wp-includes/plugin.php(206): WP_Hook->apply_filters('<!-- wp:fgb/com...', Array)
#5 /home4/linkinhr/public_html/linkinhr.org/lms/wp-includes/post-template.php(253): apply_filters('the_content', '<!-- wp:fgb/com...')
#6 /home4/linkinhr/public_html/linkinhr.org/lms/wp-content/themes in /home4/linkinhr/public_html/linkinhr.org/lms/wp-content/plugins/front-gutenberg-blocks/src/block/companies-search-form/index.php on line 51

2020-06-01T09:54:57+00:00 CRITICAL Uncaught Error: Call to undefined function resume_manager_user_can_edit_published_submissions() in /home4/linkinhr/public_html/linkinhr.org/lms/wp-content/themes/jobhunt/wp-job-manager-resumes/candidate-dashboard.php:58
Stack trace:
#0 /home4/linkinhr/public_html/linkinhr.org/lms/wp-content/plugins/wp-job-manager/wp-job-manager-template.php(27): include()
#1 /home4/linkinhr/public_html/linkinhr.org/lms/wp-content/plugins/6-WPJM-wp-job-manager-resumes/includes/class-wp-resume-manager-shortcodes.php(176): get_job_manager_template('candidate-dashb...', Array, 'wp-job-manager-...', '/home4/linkinhr...')
#2 /home4/linkinhr/public_html/linkinhr.org/lms/wp-includes/shortcodes.php(343): WP_Resume_Manager_Shortcodes->candidate_dashboard('', '', 'candidate_dashb...')
#3 [internal function]: do_shortcode_tag(Array)
#4 /home4/linkinhr/public_html/linkinhr.org/lms/wp-includes/shortcodes.php(218): preg_replace_callback('/\\[(\\[?)(candid...', 'do_shortcode_ta...', '[candidate_dash...')
#5 /home4/linkinhr/public_html/linkin in /home4/linkinhr/public_html/linkinhr.org/lms/wp-content/themes/jobhunt/wp-job-manager-resumes/candidate-dashboard.php on line 58

2020-06-01T10:06:23+00:00 CRITICAL Uncaught Error: Call to undefined function resume_manager_user_can_edit_published_submissions() in /home4/linkinhr/public_html/linkinhr.org/lms/wp-content/themes/jobhunt/wp-job-manager-resumes/candidate-dashboard.php:58
Stack trace:
#0 /home4/linkinhr/public_html/linkinhr.org/lms/wp-content/plugins/wp-job-manager/wp-job-manager-template.php(27): include()
#1 /home4/linkinhr/public_html/linkinhr.org/lms/wp-content/plugins/6-WPJM-wp-job-manager-resumes/includes/class-wp-resume-manager-shortcodes.php(176): get_job_manager_template('candidate-dashb...', Array, 'wp-job-manager-...', '/home4/linkinhr...')
#2 /home4/linkinhr/public_html/linkinhr.org/lms/wp-includes/shortcodes.php(343): WP_Resume_Manager_Shortcodes->candidate_dashboard('', '', 'candidate_dashb...')
#3 [internal function]: do_shortcode_tag(Array)
#4 /home4/linkinhr/public_html/linkinhr.org/lms/wp-includes/shortcodes.php(218): preg_replace_callback('/\\[(\\[?)(candid...', 'do_shortcode_ta...', '<p>[candidate_d...')
#5 /home4/linkinhr/public_html/linkin in /home4/linkinhr/public_html/linkinhr.org/lms/wp-content/themes/jobhunt/wp-job-manager-resumes/candidate-dashboard.php on line 58

2020-06-01T10:12:44+00:00 CRITICAL Uncaught Error: Call to undefined function resume_manager_user_can_edit_published_submissions() in /home4/linkinhr/public_html/linkinhr.org/lms/wp-content/themes/jobhunt/wp-job-manager-resumes/candidate-dashboard.php:58
Stack trace:
#0 /home4/linkinhr/public_html/linkinhr.org/lms/wp-content/plugins/wp-job-manager/wp-job-manager-template.php(27): include()
#1 /home4/linkinhr/public_html/linkinhr.org/lms/wp-content/plugins/6-WPJM-wp-job-manager-resumes/includes/class-wp-resume-manager-shortcodes.php(176): get_job_manager_template('candidate-dashb...', Array, 'wp-job-manager-...', '/home4/linkinhr...')
#2 /home4/linkinhr/public_html/linkinhr.org/lms/wp-includes/shortcodes.php(343): WP_Resume_Manager_Shortcodes->candidate_dashboard('', '', 'candidate_dashb...')
#3 [internal function]: do_shortcode_tag(Array)
#4 /home4/linkinhr/public_html/linkinhr.org/lms/wp-includes/shortcodes.php(218): preg_replace_callback('/\\[(\\[?)(candid...', 'do_shortcode_ta...', '[candidate_dash...')
#5 /home4/linkinhr/public_html/linkin in /home4/linkinhr/public_html/linkinhr.org/lms/wp-content/themes/jobhunt/wp-job-manager-resumes/candidate-dashboard.php on line 58

2020-06-01T10:13:26+00:00 CRITICAL Uncaught Error: Call to undefined function resume_manager_user_can_edit_published_submissions() in /home4/linkinhr/public_html/linkinhr.org/lms/wp-content/themes/jobhunt/wp-job-manager-resumes/candidate-dashboard.php:58
Stack trace:
#0 /home4/linkinhr/public_html/linkinhr.org/lms/wp-content/plugins/wp-job-manager/wp-job-manager-template.php(27): include()
#1 /home4/linkinhr/public_html/linkinhr.org/lms/wp-content/plugins/6-WPJM-wp-job-manager-resumes/includes/class-wp-resume-manager-shortcodes.php(176): get_job_manager_template('candidate-dashb...', Array, 'wp-job-manager-...', '/home4/linkinhr...')
#2 /home4/linkinhr/public_html/linkinhr.org/lms/wp-includes/shortcodes.php(343): WP_Resume_Manager_Shortcodes->candidate_dashboard('', '', 'candidate_dashb...')
#3 [internal function]: do_shortcode_tag(Array)
#4 /home4/linkinhr/public_html/linkinhr.org/lms/wp-includes/shortcodes.php(218): preg_replace_callback('/\\[(\\[?)(candid...', 'do_shortcode_ta...', '[candidate_dash...')
#5 /home4/linkinhr/public_html/linkin in /home4/linkinhr/public_html/linkinhr.org/lms/wp-content/themes/jobhunt/wp-job-manager-resumes/candidate-dashboard.php on line 58

2020-06-01T10:14:27+00:00 CRITICAL Uncaught Error: Call to undefined function resume_manager_user_can_edit_published_submissions() in /home4/linkinhr/public_html/linkinhr.org/lms/wp-content/themes/jobhunt/wp-job-manager-resumes/candidate-dashboard.php:58
Stack trace:
#0 /home4/linkinhr/public_html/linkinhr.org/lms/wp-content/plugins/wp-job-manager/wp-job-manager-template.php(27): include()
#1 /home4/linkinhr/public_html/linkinhr.org/lms/wp-content/plugins/6-WPJM-wp-job-manager-resumes/includes/class-wp-resume-manager-shortcodes.php(176): get_job_manager_template('candidate-dashb...', Array, 'wp-job-manager-...', '/home4/linkinhr...')
#2 /home4/linkinhr/public_html/linkinhr.org/lms/wp-includes/shortcodes.php(343): WP_Resume_Manager_Shortcodes->candidate_dashboard('', '', 'candidate_dashb...')
#3 [internal function]: do_shortcode_tag(Array)
#4 /home4/linkinhr/public_html/linkinhr.org/lms/wp-includes/shortcodes.php(218): preg_replace_callback('/\\[(\\[?)(candid...', 'do_shortcode_ta...', '[candidate_dash...')
#5 /home4/linkinhr/public_html/linkin in /home4/linkinhr/public_html/linkinhr.org/lms/wp-content/themes/jobhunt/wp-job-manager-resumes/candidate-dashboard.php on line 58

2020-06-01T10:14:49+00:00 CRITICAL Uncaught Error: Call to undefined function resume_manager_user_can_edit_published_submissions() in /home4/linkinhr/public_html/linkinhr.org/lms/wp-content/themes/jobhunt/wp-job-manager-resumes/candidate-dashboard.php:58
Stack trace:
#0 /home4/linkinhr/public_html/linkinhr.org/lms/wp-content/plugins/wp-job-manager/wp-job-manager-template.php(27): include()
#1 /home4/linkinhr/public_html/linkinhr.org/lms/wp-content/plugins/6-WPJM-wp-job-manager-resumes/includes/class-wp-resume-manager-shortcodes.php(176): get_job_manager_template('candidate-dashb...', Array, 'wp-job-manager-...', '/home4/linkinhr...')
#2 /home4/linkinhr/public_html/linkinhr.org/lms/wp-includes/shortcodes.php(343): WP_Resume_Manager_Shortcodes->candidate_dashboard('', '', 'candidate_dashb...')
#3 [internal function]: do_shortcode_tag(Array)
#4 /home4/linkinhr/public_html/linkinhr.org/lms/wp-includes/shortcodes.php(218): preg_replace_callback('/\\[(\\[?)(candid...', 'do_shortcode_ta...', '[candidate_dash...')
#5 /home4/linkinhr/public_html/linkin in /home4/linkinhr/public_html/linkinhr.org/lms/wp-content/themes/jobhunt/wp-job-manager-resumes/candidate-dashboard.php on line 58

2020-06-01T10:19:38+00:00 CRITICAL Uncaught Error: Call to undefined function resume_manager_user_can_edit_published_submissions() in /home4/linkinhr/public_html/linkinhr.org/lms/wp-content/themes/jobhunt/wp-job-manager-resumes/candidate-dashboard.php:58
Stack trace:
#0 /home4/linkinhr/public_html/linkinhr.org/lms/wp-content/plugins/wp-job-manager/wp-job-manager-template.php(27): include()
#1 /home4/linkinhr/public_html/linkinhr.org/lms/wp-content/plugins/6-WPJM-wp-job-manager-resumes/includes/class-wp-resume-manager-shortcodes.php(176): get_job_manager_template('candidate-dashb...', Array, 'wp-job-manager-...', '/home4/linkinhr...')
#2 /home4/linkinhr/public_html/linkinhr.org/lms/wp-includes/shortcodes.php(343): WP_Resume_Manager_Shortcodes->candidate_dashboard('', '', 'candidate_dashb...')
#3 [internal function]: do_shortcode_tag(Array)
#4 /home4/linkinhr/public_html/linkinhr.org/lms/wp-includes/shortcodes.php(218): preg_replace_callback('/\\[(\\[?)(candid...', 'do_shortcode_ta...', '[candidate_dash...')
#5 /home4/linkinhr/public_html/linkin in /home4/linkinhr/public_html/linkinhr.org/lms/wp-content/themes/jobhunt/wp-job-manager-resumes/candidate-dashboard.php on line 58

2020-06-01T10:20:21+00:00 CRITICAL Uncaught Error: Call to undefined function resume_manager_user_can_edit_published_submissions() in /home4/linkinhr/public_html/linkinhr.org/lms/wp-content/themes/jobhunt/wp-job-manager-resumes/candidate-dashboard.php:58
Stack trace:
#0 /home4/linkinhr/public_html/linkinhr.org/lms/wp-content/plugins/wp-job-manager/wp-job-manager-template.php(27): include()
#1 /home4/linkinhr/public_html/linkinhr.org/lms/wp-content/plugins/6-WPJM-wp-job-manager-resumes/includes/class-wp-resume-manager-shortcodes.php(176): get_job_manager_template('candidate-dashb...', Array, 'wp-job-manager-...', '/home4/linkinhr...')
#2 /home4/linkinhr/public_html/linkinhr.org/lms/wp-includes/shortcodes.php(343): WP_Resume_Manager_Shortcodes->candidate_dashboard('', '', 'candidate_dashb...')
#3 [internal function]: do_shortcode_tag(Array)
#4 /home4/linkinhr/public_html/linkinhr.org/lms/wp-includes/shortcodes.php(218): preg_replace_callback('/\\[(\\[?)(candid...', 'do_shortcode_ta...', '[candidate_dash...')
#5 /home4/linkinhr/public_html/linkin in /home4/linkinhr/public_html/linkinhr.org/lms/wp-content/themes/jobhunt/wp-job-manager-resumes/candidate-dashboard.php on line 58

2020-06-01T10:29:02+00:00 CRITICAL Uncaught Error: Call to undefined function resume_manager_user_can_edit_published_submissions() in /home4/linkinhr/public_html/linkinhr.org/lms/wp-content/themes/jobhunt/wp-job-manager-resumes/candidate-dashboard.php:58
Stack trace:
#0 /home4/linkinhr/public_html/linkinhr.org/lms/wp-content/plugins/wp-job-manager/wp-job-manager-template.php(27): include()
#1 /home4/linkinhr/public_html/linkinhr.org/lms/wp-content/plugins/6-WPJM-wp-job-manager-resumes/includes/class-wp-resume-manager-shortcodes.php(176): get_job_manager_template('candidate-dashb...', Array, 'wp-job-manager-...', '/home4/linkinhr...')
#2 /home4/linkinhr/public_html/linkinhr.org/lms/wp-includes/shortcodes.php(343): WP_Resume_Manager_Shortcodes->candidate_dashboard('', '', 'candidate_dashb...')
#3 [internal function]: do_shortcode_tag(Array)
#4 /home4/linkinhr/public_html/linkinhr.org/lms/wp-includes/shortcodes.php(218): preg_replace_callback('/\\[(\\[?)(candid...', 'do_shortcode_ta...', '[candidate_dash...')
#5 /home4/linkinhr/public_html/linkin in /home4/linkinhr/public_html/linkinhr.org/lms/wp-content/themes/jobhunt/wp-job-manager-resumes/candidate-dashboard.php on line 58

2020-06-01T11:48:54+00:00 CRITICAL Uncaught Error: Call to undefined method WP_Job_Manager_Alerts_Post_Types::get_alert_search_terms() in /home4/linkinhr/public_html/linkinhr.org/lms/wp-content/themes/front/wp-job-manager-alerts/my-alerts.php:45
Stack trace:
#0 /home4/linkinhr/public_html/linkinhr.org/lms/wp-content/plugins/wp-job-manager/wp-job-manager-template.php(27): include()
#1 /home4/linkinhr/public_html/linkinhr.org/lms/wp-content/plugins/3-WPJM-wp-job-manager-alerts/includes/class-wp-job-manager-alerts-shortcodes.php(237): get_job_manager_template('my-alerts.php', Array, 'wp-job-manager-...', '/home4/linkinhr...')
#2 /home4/linkinhr/public_html/linkinhr.org/lms/wp-includes/shortcodes.php(343): WP_Job_Manager_Alerts_Shortcodes->job_alerts('', '', 'job_alerts')
#3 [internal function]: do_shortcode_tag(Array)
#4 /home4/linkinhr/public_html/linkinhr.org/lms/wp-includes/shortcodes.php(218): preg_replace_callback('/\\[(\\[?)(job_al...', 'do_shortcode_ta...', '<pre><code>[job...')
#5 /home4/linkinhr/public_html/linkinhr.org/lms/wp-includes/c in /home4/linkinhr/public_html/linkinhr.org/lms/wp-content/themes/front/wp-job-manager-alerts/my-alerts.php on line 45

2020-06-01T11:50:13+00:00 CRITICAL Uncaught Error: Call to undefined method WP_Job_Manager_Alerts_Post_Types::get_alert_search_terms() in /home4/linkinhr/public_html/linkinhr.org/lms/wp-content/themes/front/wp-job-manager-alerts/my-alerts.php:45
Stack trace:
#0 /home4/linkinhr/public_html/linkinhr.org/lms/wp-content/plugins/wp-job-manager/wp-job-manager-template.php(27): include()
#1 /home4/linkinhr/public_html/linkinhr.org/lms/wp-content/plugins/3-WPJM-wp-job-manager-alerts/includes/class-wp-job-manager-alerts-shortcodes.php(237): get_job_manager_template('my-alerts.php', Array, 'wp-job-manager-...', '/home4/linkinhr...')
#2 /home4/linkinhr/public_html/linkinhr.org/lms/wp-includes/shortcodes.php(343): WP_Job_Manager_Alerts_Shortcodes->job_alerts('', '', 'job_alerts')
#3 [internal function]: do_shortcode_tag(Array)
#4 /home4/linkinhr/public_html/linkinhr.org/lms/wp-includes/shortcodes.php(218): preg_replace_callback('/\\[(\\[?)(job_al...', 'do_shortcode_ta...', '<pre><code>[job...')
#5 /home4/linkinhr/public_html/linkinhr.org/lms/wp-includes/c in /home4/linkinhr/public_html/linkinhr.org/lms/wp-content/themes/front/wp-job-manager-alerts/my-alerts.php on line 45

2020-06-01T13:04:16+00:00 CRITICAL Uncaught Error: Call to undefined function resume_manager_user_can_edit_published_submissions() in /home4/linkinhr/public_html/linkinhr.org/lms/wp-content/themes/jobhunt/wp-job-manager-resumes/candidate-dashboard.php:58
Stack trace:
#0 /home4/linkinhr/public_html/linkinhr.org/lms/wp-content/plugins/wp-job-manager/wp-job-manager-template.php(27): include()
#1 /home4/linkinhr/public_html/linkinhr.org/lms/wp-content/plugins/6-WPJM-wp-job-manager-resumes/includes/class-wp-resume-manager-shortcodes.php(176): get_job_manager_template('candidate-dashb...', Array, 'wp-job-manager-...', '/home4/linkinhr...')
#2 /home4/linkinhr/public_html/linkinhr.org/lms/wp-includes/shortcodes.php(343): WP_Resume_Manager_Shortcodes->candidate_dashboard('', '', 'candidate_dashb...')
#3 [internal function]: do_shortcode_tag(Array)
#4 /home4/linkinhr/public_html/linkinhr.org/lms/wp-includes/shortcodes.php(218): preg_replace_callback('/\\[(\\[?)(candid...', 'do_shortcode_ta...', '[candidate_dash...')
#5 /home4/linkinhr/public_html/linkin in /home4/linkinhr/public_html/linkinhr.org/lms/wp-content/themes/jobhunt/wp-job-manager-resumes/candidate-dashboard.php on line 58

2020-06-01T13:19:19+00:00 CRITICAL Uncaught Error: Call to undefined function resume_manager_user_can_edit_published_submissions() in /home4/linkinhr/public_html/linkinhr.org/lms/wp-content/themes/jobhunt/wp-job-manager-resumes/candidate-dashboard.php:58
Stack trace:
#0 /home4/linkinhr/public_html/linkinhr.org/lms/wp-content/plugins/wp-job-manager/wp-job-manager-template.php(27): include()
#1 /home4/linkinhr/public_html/linkinhr.org/lms/wp-content/plugins/6-WPJM-wp-job-manager-resumes/includes/class-wp-resume-manager-shortcodes.php(176): get_job_manager_template('candidate-dashb...', Array, 'wp-job-manager-...', '/home4/linkinhr...')
#2 /home4/linkinhr/public_html/linkinhr.org/lms/wp-includes/shortcodes.php(343): WP_Resume_Manager_Shortcodes->candidate_dashboard('', '', 'candidate_dashb...')
#3 [internal function]: do_shortcode_tag(Array)
#4 /home4/linkinhr/public_html/linkinhr.org/lms/wp-includes/shortcodes.php(218): preg_replace_callback('/\\[(\\[?)(candid...', 'do_shortcode_ta...', '[candidate_dash...')
#5 /home4/linkinhr/public_html/linkin in /home4/linkinhr/public_html/linkinhr.org/lms/wp-content/themes/jobhunt/wp-job-manager-resumes/candidate-dashboard.php on line 58

2020-06-01T13:21:42+00:00 CRITICAL Uncaught Error: Call to undefined function resume_manager_user_can_edit_published_submissions() in /home4/linkinhr/public_html/linkinhr.org/lms/wp-content/themes/jobhunt/wp-job-manager-resumes/candidate-dashboard.php:58
Stack trace:
#0 /home4/linkinhr/public_html/linkinhr.org/lms/wp-content/plugins/wp-job-manager/wp-job-manager-template.php(27): include()
#1 /home4/linkinhr/public_html/linkinhr.org/lms/wp-content/plugins/6-WPJM-wp-job-manager-resumes/includes/class-wp-resume-manager-shortcodes.php(176): get_job_manager_template('candidate-dashb...', Array, 'wp-job-manager-...', '/home4/linkinhr...')
#2 /home4/linkinhr/public_html/linkinhr.org/lms/wp-includes/shortcodes.php(343): WP_Resume_Manager_Shortcodes->candidate_dashboard('', '', 'candidate_dashb...')
#3 [internal function]: do_shortcode_tag(Array)
#4 /home4/linkinhr/public_html/linkinhr.org/lms/wp-includes/shortcodes.php(218): preg_replace_callback('/\\[(\\[?)(candid...', 'do_shortcode_ta...', '[candidate_dash...')
#5 /home4/linkinhr/public_html/linkin in /home4/linkinhr/public_html/linkinhr.org/lms/wp-content/themes/jobhunt/wp-job-manager-resumes/candidate-dashboard.php on line 58

2020-06-01T13:23:30+00:00 CRITICAL Uncaught Error: Call to undefined function resume_manager_user_can_edit_published_submissions() in /home4/linkinhr/public_html/linkinhr.org/lms/wp-content/themes/jobhunt/wp-job-manager-resumes/candidate-dashboard.php:58
Stack trace:
#0 /home4/linkinhr/public_html/linkinhr.org/lms/wp-content/plugins/wp-job-manager/wp-job-manager-template.php(27): include()
#1 /home4/linkinhr/public_html/linkinhr.org/lms/wp-content/plugins/6-WPJM-wp-job-manager-resumes/includes/class-wp-resume-manager-shortcodes.php(176): get_job_manager_template('candidate-dashb...', Array, 'wp-job-manager-...', '/home4/linkinhr...')
#2 /home4/linkinhr/public_html/linkinhr.org/lms/wp-includes/shortcodes.php(343): WP_Resume_Manager_Shortcodes->candidate_dashboard('', '', 'candidate_dashb...')
#3 [internal function]: do_shortcode_tag(Array)
#4 /home4/linkinhr/public_html/linkinhr.org/lms/wp-includes/shortcodes.php(218): preg_replace_callback('/\\[(\\[?)(candid...', 'do_shortcode_ta...', '[candidate_dash...')
#5 /home4/linkinhr/public_html/linkin in /home4/linkinhr/public_html/linkinhr.org/lms/wp-content/themes/jobhunt/wp-job-manager-resumes/candidate-dashboard.php on line 58

2020-06-01T17:23:37+00:00 CRITICAL Maximum execution time of 30 seconds exceeded in /home4/linkinhr/public_html/linkinhr.org/lms/wp-includes/class-wp-image-editor-imagick.php on line 355

