2020-05-26T15:21:53+00:00 CRITICAL Uncaught Error: Call to undefined function get_home_path() in /home4/linkinhr/public_html/linkinhr.org/lms/wp-content/themes/TH3-front-multipurpose-business-wordpress-theme3/header.php:32
Stack trace:
#0 /home4/linkinhr/public_html/linkinhr.org/lms/wp-includes/template.php(723): require_once()
#1 /home4/linkinhr/public_html/linkinhr.org/lms/wp-includes/template.php(672): load_template('/home4/linkinhr...', true)
#2 /home4/linkinhr/public_html/linkinhr.org/lms/wp-includes/general-template.php(41): locate_template(Array, true)
#3 /home4/linkinhr/public_html/linkinhr.org/lms/wp-content/themes/TH3-front-multipurpose-business-wordpress-theme3/page.php(17): get_header()
#4 /home4/linkinhr/public_html/linkinhr.org/lms/wp-includes/template-loader.php(106): include('/home4/linkinhr...')
#5 /home4/linkinhr/public_html/linkinhr.org/lms/wp-blog-header.php(19): require_once('/home4/linkinhr...')
#6 /home4/linkinhr/public_html/linkinhr.org/lms/index.php(17): require('/home4/linkinhr...')
#7 {main}
  thrown in /home4/linkinhr/public_html/linkinhr.org/lms/wp-content/themes/TH3-front-multipurpose-business-wordpress-theme3/header.php on line 32

2020-05-26T15:22:07+00:00 CRITICAL Uncaught Error: Call to undefined function get_home_path() in /home4/linkinhr/public_html/linkinhr.org/lms/wp-content/themes/TH3-front-multipurpose-business-wordpress-theme3/header.php:32
Stack trace:
#0 /home4/linkinhr/public_html/linkinhr.org/lms/wp-includes/template.php(723): require_once()
#1 /home4/linkinhr/public_html/linkinhr.org/lms/wp-includes/template.php(672): load_template('/home4/linkinhr...', true)
#2 /home4/linkinhr/public_html/linkinhr.org/lms/wp-includes/general-template.php(41): locate_template(Array, true)
#3 /home4/linkinhr/public_html/linkinhr.org/lms/wp-content/themes/TH3-front-multipurpose-business-wordpress-theme3/page.php(17): get_header()
#4 /home4/linkinhr/public_html/linkinhr.org/lms/wp-includes/template-loader.php(106): include('/home4/linkinhr...')
#5 /home4/linkinhr/public_html/linkinhr.org/lms/wp-blog-header.php(19): require_once('/home4/linkinhr...')
#6 /home4/linkinhr/public_html/linkinhr.org/lms/index.php(17): require('/home4/linkinhr...')
#7 {main}
  thrown in /home4/linkinhr/public_html/linkinhr.org/lms/wp-content/themes/TH3-front-multipurpose-business-wordpress-theme3/header.php on line 32

